2017-05-10 12:30:30 Error: [UnexpectedValueException] Referenced fixture class "App\Test\Fixture\GenresFixture" not found. Fixture "app.genres" was referenced in test case "App\Test\TestCase\Controller\GenresControllerTest".
Stack Trace:
#0 /Applications/XAMPP/xamppfiles/htdocs/trial/vendor/cakephp/cakephp/src/TestSuite/Fixture/FixtureManager.php(101): Cake\TestSuite\Fixture\FixtureManager->_loadFixtures(Object(App\Test\TestCase\Controller\GenresControllerTest))
#1 /Applications/XAMPP/xamppfiles/htdocs/trial/vendor/cakephp/cakephp/src/TestSuite/Fixture/FixtureInjector.php(158): Cake\TestSuite\Fixture\FixtureManager->fixturize(Object(App\Test\TestCase\Controller\GenresControllerTest))
#2 /Applications/XAMPP/xamppfiles/htdocs/trial/vendor/phpunit/phpunit/src/Framework/TestResult.php(327): Cake\TestSuite\Fixture\FixtureInjector->startTest(Object(App\Test\TestCase\Controller\GenresControllerTest))
#3 /Applications/XAMPP/xamppfiles/htdocs/trial/vendor/phpunit/phpunit/src/Framework/TestResult.php(552): PHPUnit_Framework_TestResult->startTest(Object(App\Test\TestCase\Controller\GenresControllerTest))
#4 /Applications/XAMPP/xamppfiles/htdocs/trial/vendor/phpunit/phpunit/src/Framework/TestCase.php(724): PHPUnit_Framework_TestResult->run(Object(App\Test\TestCase\Controller\GenresControllerTest))
#5 /Applications/XAMPP/xamppfiles/htdocs/trial/vendor/phpunit/phpunit/src/Framework/TestSuite.php(722): PHPUnit_Framework_TestCase->run(Object(PHPUnit_Framework_TestResult))
#6 /Applications/XAMPP/xamppfiles/htdocs/trial/vendor/phpunit/phpunit/src/Framework/TestSuite.php(722): PHPUnit_Framework_TestSuite->run(Object(PHPUnit_Framework_TestResult))
#7 /Applications/XAMPP/xamppfiles/htdocs/trial/vendor/phpunit/phpunit/src/TextUI/TestRunner.php(440): PHPUnit_Framework_TestSuite->run(Object(PHPUnit_Framework_TestResult))
#8 /Applications/XAMPP/xamppfiles/htdocs/trial/vendor/phpunit/phpunit/src/TextUI/Command.php(149): PHPUnit_TextUI_TestRunner->doRun(Object(PHPUnit_Framework_TestSuite), Array)
#9 /Applications/XAMPP/xamppfiles/htdocs/trial/vendor/phpunit/phpunit/src/TextUI/Command.php(100): PHPUnit_TextUI_Command->run(Array, true)
#10 /Applications/XAMPP/xamppfiles/htdocs/trial/vendor/phpunit/phpunit/phpunit(52): PHPUnit_TextUI_Command::main()
#11 {main}


2017-05-10 12:38:52 Warning: Warning (4096): Argument 1 passed to App\Test\TestCase\Controller\ArrayFormatter::toString() must be of the type array, null given, called in /Applications/XAMPP/xamppfiles/htdocs/trial/tests/TestCase/Controller/AuthorsControllerTest.php on line 32 and defined in [/Applications/XAMPP/xamppfiles/htdocs/trial/tests/TestCase/Controller/ArrayFormatter.php, line 17]
Request URL: /authors.json
Trace:
Cake\Error\BaseErrorHandler::handleError() - CORE/src/Error/BaseErrorHandler.php, line 153
App\Test\TestCase\Controller\ArrayFormatter::toString() - ROOT/tests/TestCase/Controller/ArrayFormatter.php, line 17
App\Test\TestCase\Controller\AuthorsControllerTest::testIndex() - ROOT/tests/TestCase/Controller/AuthorsControllerTest.php, line 32
ReflectionMethod::invokeArgs() - [internal], line ??
PHPUnit_Framework_TestCase::runTest() - ROOT/vendor/phpunit/phpunit/src/Framework/TestCase.php, line 909
PHPUnit_Framework_TestCase::runBare() - ROOT/vendor/phpunit/phpunit/src/Framework/TestCase.php, line 768
PHPUnit_Framework_TestResult::run() - ROOT/vendor/phpunit/phpunit/src/Framework/TestResult.php, line 612
PHPUnit_Framework_TestCase::run() - ROOT/vendor/phpunit/phpunit/src/Framework/TestCase.php, line 724
PHPUnit_Framework_TestSuite::run() - ROOT/vendor/phpunit/phpunit/src/Framework/TestSuite.php, line 722
PHPUnit_Framework_TestSuite::run() - ROOT/vendor/phpunit/phpunit/src/Framework/TestSuite.php, line 722
PHPUnit_Framework_TestSuite::run() - ROOT/vendor/phpunit/phpunit/src/Framework/TestSuite.php, line 722
PHPUnit_TextUI_TestRunner::doRun() - ROOT/vendor/phpunit/phpunit/src/TextUI/TestRunner.php, line 440
PHPUnit_TextUI_Command::run() - ROOT/vendor/phpunit/phpunit/src/TextUI/Command.php, line 149
PHPUnit_TextUI_Command::main() - ROOT/vendor/phpunit/phpunit/src/TextUI/Command.php, line 100
[main] - ROOT/vendor/phpunit/phpunit/phpunit, line 52



2017-05-10 12:38:52 Warning: Warning (2): Invalid argument supplied for foreach() in [/Applications/XAMPP/xamppfiles/htdocs/trial/tests/TestCase/Controller/ArrayFormatter.php, line 21]
Request URL: /authors.json
Trace:
Cake\Error\BaseErrorHandler::handleError() - CORE/src/Error/BaseErrorHandler.php, line 153
App\Test\TestCase\Controller\ArrayFormatter::toString() - ROOT/tests/TestCase/Controller/ArrayFormatter.php, line 21
App\Test\TestCase\Controller\AuthorsControllerTest::testIndex() - ROOT/tests/TestCase/Controller/AuthorsControllerTest.php, line 32
ReflectionMethod::invokeArgs() - [internal], line ??
PHPUnit_Framework_TestCase::runTest() - ROOT/vendor/phpunit/phpunit/src/Framework/TestCase.php, line 909
PHPUnit_Framework_TestCase::runBare() - ROOT/vendor/phpunit/phpunit/src/Framework/TestCase.php, line 768
PHPUnit_Framework_TestResult::run() - ROOT/vendor/phpunit/phpunit/src/Framework/TestResult.php, line 612
PHPUnit_Framework_TestCase::run() - ROOT/vendor/phpunit/phpunit/src/Framework/TestCase.php, line 724
PHPUnit_Framework_TestSuite::run() - ROOT/vendor/phpunit/phpunit/src/Framework/TestSuite.php, line 722
PHPUnit_Framework_TestSuite::run() - ROOT/vendor/phpunit/phpunit/src/Framework/TestSuite.php, line 722
PHPUnit_Framework_TestSuite::run() - ROOT/vendor/phpunit/phpunit/src/Framework/TestSuite.php, line 722
PHPUnit_TextUI_TestRunner::doRun() - ROOT/vendor/phpunit/phpunit/src/TextUI/TestRunner.php, line 440
PHPUnit_TextUI_Command::run() - ROOT/vendor/phpunit/phpunit/src/TextUI/Command.php, line 149
PHPUnit_TextUI_Command::main() - ROOT/vendor/phpunit/phpunit/src/TextUI/Command.php, line 100
[main] - ROOT/vendor/phpunit/phpunit/phpunit, line 52



2017-05-10 12:49:51 Warning: Warning (4096): Argument 1 passed to App\Test\TestCase\Controller\ArrayFormatter::toString() must be of the type array, null given, called in /Applications/XAMPP/xamppfiles/htdocs/trial/tests/TestCase/Controller/BooksControllerTest.php on line 34 and defined in [/Applications/XAMPP/xamppfiles/htdocs/trial/tests/TestCase/Controller/ArrayFormatter.php, line 17]
Request URL: /authors/4/books.json
Trace:
Cake\Error\BaseErrorHandler::handleError() - CORE/src/Error/BaseErrorHandler.php, line 153
App\Test\TestCase\Controller\ArrayFormatter::toString() - ROOT/tests/TestCase/Controller/ArrayFormatter.php, line 17
App\Test\TestCase\Controller\BooksControllerTest::testIndexPerAuthor() - ROOT/tests/TestCase/Controller/BooksControllerTest.php, line 34
ReflectionMethod::invokeArgs() - [internal], line ??
PHPUnit_Framework_TestCase::runTest() - ROOT/vendor/phpunit/phpunit/src/Framework/TestCase.php, line 909
PHPUnit_Framework_TestCase::runBare() - ROOT/vendor/phpunit/phpunit/src/Framework/TestCase.php, line 768
PHPUnit_Framework_TestResult::run() - ROOT/vendor/phpunit/phpunit/src/Framework/TestResult.php, line 612
PHPUnit_Framework_TestCase::run() - ROOT/vendor/phpunit/phpunit/src/Framework/TestCase.php, line 724
PHPUnit_Framework_TestSuite::run() - ROOT/vendor/phpunit/phpunit/src/Framework/TestSuite.php, line 722
PHPUnit_Framework_TestSuite::run() - ROOT/vendor/phpunit/phpunit/src/Framework/TestSuite.php, line 722
PHPUnit_Framework_TestSuite::run() - ROOT/vendor/phpunit/phpunit/src/Framework/TestSuite.php, line 722
PHPUnit_TextUI_TestRunner::doRun() - ROOT/vendor/phpunit/phpunit/src/TextUI/TestRunner.php, line 440
PHPUnit_TextUI_Command::run() - ROOT/vendor/phpunit/phpunit/src/TextUI/Command.php, line 149
PHPUnit_TextUI_Command::main() - ROOT/vendor/phpunit/phpunit/src/TextUI/Command.php, line 100
[main] - ROOT/vendor/phpunit/phpunit/phpunit, line 52



2017-05-10 12:49:51 Warning: Warning (2): Invalid argument supplied for foreach() in [/Applications/XAMPP/xamppfiles/htdocs/trial/tests/TestCase/Controller/ArrayFormatter.php, line 21]
Request URL: /authors/4/books.json
Trace:
Cake\Error\BaseErrorHandler::handleError() - CORE/src/Error/BaseErrorHandler.php, line 153
App\Test\TestCase\Controller\ArrayFormatter::toString() - ROOT/tests/TestCase/Controller/ArrayFormatter.php, line 21
App\Test\TestCase\Controller\BooksControllerTest::testIndexPerAuthor() - ROOT/tests/TestCase/Controller/BooksControllerTest.php, line 34
ReflectionMethod::invokeArgs() - [internal], line ??
PHPUnit_Framework_TestCase::runTest() - ROOT/vendor/phpunit/phpunit/src/Framework/TestCase.php, line 909
PHPUnit_Framework_TestCase::runBare() - ROOT/vendor/phpunit/phpunit/src/Framework/TestCase.php, line 768
PHPUnit_Framework_TestResult::run() - ROOT/vendor/phpunit/phpunit/src/Framework/TestResult.php, line 612
PHPUnit_Framework_TestCase::run() - ROOT/vendor/phpunit/phpunit/src/Framework/TestCase.php, line 724
PHPUnit_Framework_TestSuite::run() - ROOT/vendor/phpunit/phpunit/src/Framework/TestSuite.php, line 722
PHPUnit_Framework_TestSuite::run() - ROOT/vendor/phpunit/phpunit/src/Framework/TestSuite.php, line 722
PHPUnit_Framework_TestSuite::run() - ROOT/vendor/phpunit/phpunit/src/Framework/TestSuite.php, line 722
PHPUnit_TextUI_TestRunner::doRun() - ROOT/vendor/phpunit/phpunit/src/TextUI/TestRunner.php, line 440
PHPUnit_TextUI_Command::run() - ROOT/vendor/phpunit/phpunit/src/TextUI/Command.php, line 149
PHPUnit_TextUI_Command::main() - ROOT/vendor/phpunit/phpunit/src/TextUI/Command.php, line 100
[main] - ROOT/vendor/phpunit/phpunit/phpunit, line 52



2017-05-10 12:50:31 Warning: Warning (4096): Argument 1 passed to App\Test\TestCase\Controller\ArrayFormatter::toString() must be of the type array, null given, called in /Applications/XAMPP/xamppfiles/htdocs/trial/tests/TestCase/Controller/BooksControllerTest.php on line 34 and defined in [/Applications/XAMPP/xamppfiles/htdocs/trial/tests/TestCase/Controller/ArrayFormatter.php, line 17]
Request URL: /authors/4/books.json
Trace:
Cake\Error\BaseErrorHandler::handleError() - CORE/src/Error/BaseErrorHandler.php, line 153
App\Test\TestCase\Controller\ArrayFormatter::toString() - ROOT/tests/TestCase/Controller/ArrayFormatter.php, line 17
App\Test\TestCase\Controller\BooksControllerTest::testIndexPerAuthor() - ROOT/tests/TestCase/Controller/BooksControllerTest.php, line 34
ReflectionMethod::invokeArgs() - [internal], line ??
PHPUnit_Framework_TestCase::runTest() - ROOT/vendor/phpunit/phpunit/src/Framework/TestCase.php, line 909
PHPUnit_Framework_TestCase::runBare() - ROOT/vendor/phpunit/phpunit/src/Framework/TestCase.php, line 768
PHPUnit_Framework_TestResult::run() - ROOT/vendor/phpunit/phpunit/src/Framework/TestResult.php, line 612
PHPUnit_Framework_TestCase::run() - ROOT/vendor/phpunit/phpunit/src/Framework/TestCase.php, line 724
PHPUnit_Framework_TestSuite::run() - ROOT/vendor/phpunit/phpunit/src/Framework/TestSuite.php, line 722
PHPUnit_Framework_TestSuite::run() - ROOT/vendor/phpunit/phpunit/src/Framework/TestSuite.php, line 722
PHPUnit_Framework_TestSuite::run() - ROOT/vendor/phpunit/phpunit/src/Framework/TestSuite.php, line 722
PHPUnit_TextUI_TestRunner::doRun() - ROOT/vendor/phpunit/phpunit/src/TextUI/TestRunner.php, line 440
PHPUnit_TextUI_Command::run() - ROOT/vendor/phpunit/phpunit/src/TextUI/Command.php, line 149
PHPUnit_TextUI_Command::main() - ROOT/vendor/phpunit/phpunit/src/TextUI/Command.php, line 100
[main] - ROOT/vendor/phpunit/phpunit/phpunit, line 52



2017-05-10 12:50:31 Warning: Warning (2): Invalid argument supplied for foreach() in [/Applications/XAMPP/xamppfiles/htdocs/trial/tests/TestCase/Controller/ArrayFormatter.php, line 21]
Request URL: /authors/4/books.json
Trace:
Cake\Error\BaseErrorHandler::handleError() - CORE/src/Error/BaseErrorHandler.php, line 153
App\Test\TestCase\Controller\ArrayFormatter::toString() - ROOT/tests/TestCase/Controller/ArrayFormatter.php, line 21
App\Test\TestCase\Controller\BooksControllerTest::testIndexPerAuthor() - ROOT/tests/TestCase/Controller/BooksControllerTest.php, line 34
ReflectionMethod::invokeArgs() - [internal], line ??
PHPUnit_Framework_TestCase::runTest() - ROOT/vendor/phpunit/phpunit/src/Framework/TestCase.php, line 909
PHPUnit_Framework_TestCase::runBare() - ROOT/vendor/phpunit/phpunit/src/Framework/TestCase.php, line 768
PHPUnit_Framework_TestResult::run() - ROOT/vendor/phpunit/phpunit/src/Framework/TestResult.php, line 612
PHPUnit_Framework_TestCase::run() - ROOT/vendor/phpunit/phpunit/src/Framework/TestCase.php, line 724
PHPUnit_Framework_TestSuite::run() - ROOT/vendor/phpunit/phpunit/src/Framework/TestSuite.php, line 722
PHPUnit_Framework_TestSuite::run() - ROOT/vendor/phpunit/phpunit/src/Framework/TestSuite.php, line 722
PHPUnit_Framework_TestSuite::run() - ROOT/vendor/phpunit/phpunit/src/Framework/TestSuite.php, line 722
PHPUnit_TextUI_TestRunner::doRun() - ROOT/vendor/phpunit/phpunit/src/TextUI/TestRunner.php, line 440
PHPUnit_TextUI_Command::run() - ROOT/vendor/phpunit/phpunit/src/TextUI/Command.php, line 149
PHPUnit_TextUI_Command::main() - ROOT/vendor/phpunit/phpunit/src/TextUI/Command.php, line 100
[main] - ROOT/vendor/phpunit/phpunit/phpunit, line 52



