2017-05-10 08:40:44 Notice: Notice (8): Undefined variable: genreId in [/Applications/XAMPP/xamppfiles/htdocs/trial/src/Controller/BooksController.php, line 11]
Request URL: /genres/8/books.json
Trace:
Cake\Error\BaseErrorHandler::handleError() - CORE/src/Error/BaseErrorHandler.php, line 153
App\Controller\BooksController::index() - APP/Controller/BooksController.php, line 11
Cake\Controller\Controller::invokeAction() - CORE/src/Controller/Controller.php, line 440
Cake\Http\ActionDispatcher::_invoke() - CORE/src/Http/ActionDispatcher.php, line 119
Cake\Http\ActionDispatcher::dispatch() - CORE/src/Http/ActionDispatcher.php, line 93
Cake\Routing\Dispatcher::dispatch() - CORE/src/Routing/Dispatcher.php, line 60
[main] - ROOT/webroot/index.php, line 37



2017-05-10 08:40:44 Notice: Notice (8): Undefined variable: genreId in [/Applications/XAMPP/xamppfiles/htdocs/trial/src/Controller/BooksController.php, line 11]
Request URL: /genres/8/books.json
Trace:
Cake\Error\BaseErrorHandler::handleError() - CORE/src/Error/BaseErrorHandler.php, line 153
App\Controller\BooksController::index() - APP/Controller/BooksController.php, line 11
Cake\Controller\Controller::invokeAction() - CORE/src/Controller/Controller.php, line 440
Cake\Http\ActionDispatcher::_invoke() - CORE/src/Http/ActionDispatcher.php, line 119
Cake\Http\ActionDispatcher::dispatch() - CORE/src/Http/ActionDispatcher.php, line 93
Cake\Routing\Dispatcher::dispatch() - CORE/src/Routing/Dispatcher.php, line 60
[main] - ROOT/webroot/index.php, line 37



