2017-05-09 11:52:30 Error: [Cake\Datasource\Exception\MissingDatasourceException] Datasource class Muffin\Webservice\Connection could not be found. 
Exception Attributes: array (
  'class' => 'Muffin\\Webservice\\Connection',
  'plugin' => NULL,
)
Request URL: /
Stack Trace:
#0 /Applications/XAMPP/xamppfiles/htdocs/trial/vendor/cakephp/cakephp/src/Core/ObjectRegistry.php(91): Cake\Datasource\ConnectionRegistry->_throwMissingClassError('Muffin\\Webservi...', NULL)
#1 /Applications/XAMPP/xamppfiles/htdocs/trial/vendor/cakephp/cakephp/src/Datasource/ConnectionManager.php(205): Cake\Core\ObjectRegistry->load('smartexpose_ela...', Array)
#2 /Applications/XAMPP/xamppfiles/htdocs/trial/vendor/cakephp/debug_kit/src/Panel/SqlLogPanel.php(47): Cake\Datasource\ConnectionManager::get('smartexpose_ela...')
#3 /Applications/XAMPP/xamppfiles/htdocs/trial/vendor/cakephp/debug_kit/src/ToolbarService.php(150): DebugKit\Panel\SqlLogPanel->initialize()
#4 /Applications/XAMPP/xamppfiles/htdocs/trial/vendor/cakephp/debug_kit/src/Routing/Filter/DebugBarFilter.php(124): DebugKit\ToolbarService->initializePanels()
#5 /Applications/XAMPP/xamppfiles/htdocs/trial/vendor/cakephp/cakephp/src/Event/EventManager.php(414): DebugKit\Routing\Filter\DebugBarFilter->beforeDispatch(Object(Cake\Event\Event), Object(Cake\Http\ServerRequest), Object(Cake\Http\Response))
#6 /Applications/XAMPP/xamppfiles/htdocs/trial/vendor/cakephp/cakephp/src/Event/EventManager.php(391): Cake\Event\EventManager->_callListener(Array, Object(Cake\Event\Event))
#7 /Applications/XAMPP/xamppfiles/htdocs/trial/vendor/cakephp/cakephp/src/Event/EventDispatcherTrait.php(78): Cake\Event\EventManager->dispatch(Object(Cake\Event\Event))
#8 /Applications/XAMPP/xamppfiles/htdocs/trial/vendor/cakephp/cakephp/src/Http/ActionDispatcher.php(78): Cake\Http\ActionDispatcher->dispatchEvent('Dispatcher.befo...', Array)
#9 /Applications/XAMPP/xamppfiles/htdocs/trial/vendor/cakephp/cakephp/src/Routing/Dispatcher.php(60): Cake\Http\ActionDispatcher->dispatch(Object(Cake\Http\ServerRequest), Object(Cake\Http\Response))
#10 /Applications/XAMPP/xamppfiles/htdocs/trial/webroot/index.php(37): Cake\Routing\Dispatcher->dispatch(Object(Cake\Http\ServerRequest), Object(Cake\Http\Response))
#11 /Applications/XAMPP/xamppfiles/htdocs/trial/index.php(16): require('/Applications/X...')
#12 {main}


2017-05-09 11:55:48 Error: [Cake\Routing\Exception\MissingRouteException] A route matching "/" could not be found.
Exception Attributes: array (
  'url' => '/',
)
Request URL: /
Stack Trace:
#0 /Applications/XAMPP/xamppfiles/htdocs/trial/vendor/cakephp/cakephp/src/Routing/Router.php(368): Cake\Routing\RouteCollection->parseRequest(Object(Cake\Http\ServerRequest))
#1 /Applications/XAMPP/xamppfiles/htdocs/trial/vendor/cakephp/cakephp/src/Routing/Filter/RoutingFilter.php(58): Cake\Routing\Router::parseRequest(Object(Cake\Http\ServerRequest))
#2 /Applications/XAMPP/xamppfiles/htdocs/trial/vendor/cakephp/cakephp/src/Routing/DispatcherFilter.php(144): Cake\Routing\Filter\RoutingFilter->beforeDispatch(Object(Cake\Event\Event))
#3 /Applications/XAMPP/xamppfiles/htdocs/trial/vendor/cakephp/cakephp/src/Event/EventManager.php(414): Cake\Routing\DispatcherFilter->handle(Object(Cake\Event\Event), Object(Cake\Http\ServerRequest), Object(Cake\Http\Response))
#4 /Applications/XAMPP/xamppfiles/htdocs/trial/vendor/cakephp/cakephp/src/Event/EventManager.php(391): Cake\Event\EventManager->_callListener(Array, Object(Cake\Event\Event))
#5 /Applications/XAMPP/xamppfiles/htdocs/trial/vendor/cakephp/cakephp/src/Event/EventDispatcherTrait.php(78): Cake\Event\EventManager->dispatch(Object(Cake\Event\Event))
#6 /Applications/XAMPP/xamppfiles/htdocs/trial/vendor/cakephp/cakephp/src/Http/ActionDispatcher.php(78): Cake\Http\ActionDispatcher->dispatchEvent('Dispatcher.befo...', Array)
#7 /Applications/XAMPP/xamppfiles/htdocs/trial/vendor/cakephp/cakephp/src/Routing/Dispatcher.php(60): Cake\Http\ActionDispatcher->dispatch(Object(Cake\Http\ServerRequest), Object(Cake\Http\Response))
#8 /Applications/XAMPP/xamppfiles/htdocs/trial/webroot/index.php(37): Cake\Routing\Dispatcher->dispatch(Object(Cake\Http\ServerRequest), Object(Cake\Http\Response))
#9 /Applications/XAMPP/xamppfiles/htdocs/trial/index.php(16): require('/Applications/X...')
#10 {main}


2017-05-09 11:56:14 Error: [Cake\Routing\Exception\MissingRouteException] A route matching "/" could not be found.
Exception Attributes: array (
  'url' => '/',
)
Request URL: /
Stack Trace:
#0 /Applications/XAMPP/xamppfiles/htdocs/trial/vendor/cakephp/cakephp/src/Routing/Router.php(368): Cake\Routing\RouteCollection->parseRequest(Object(Cake\Http\ServerRequest))
#1 /Applications/XAMPP/xamppfiles/htdocs/trial/vendor/cakephp/cakephp/src/Routing/Filter/RoutingFilter.php(58): Cake\Routing\Router::parseRequest(Object(Cake\Http\ServerRequest))
#2 /Applications/XAMPP/xamppfiles/htdocs/trial/vendor/cakephp/cakephp/src/Routing/DispatcherFilter.php(144): Cake\Routing\Filter\RoutingFilter->beforeDispatch(Object(Cake\Event\Event))
#3 /Applications/XAMPP/xamppfiles/htdocs/trial/vendor/cakephp/cakephp/src/Event/EventManager.php(414): Cake\Routing\DispatcherFilter->handle(Object(Cake\Event\Event), Object(Cake\Http\ServerRequest), Object(Cake\Http\Response))
#4 /Applications/XAMPP/xamppfiles/htdocs/trial/vendor/cakephp/cakephp/src/Event/EventManager.php(391): Cake\Event\EventManager->_callListener(Array, Object(Cake\Event\Event))
#5 /Applications/XAMPP/xamppfiles/htdocs/trial/vendor/cakephp/cakephp/src/Event/EventDispatcherTrait.php(78): Cake\Event\EventManager->dispatch(Object(Cake\Event\Event))
#6 /Applications/XAMPP/xamppfiles/htdocs/trial/vendor/cakephp/cakephp/src/Http/ActionDispatcher.php(78): Cake\Http\ActionDispatcher->dispatchEvent('Dispatcher.befo...', Array)
#7 /Applications/XAMPP/xamppfiles/htdocs/trial/vendor/cakephp/cakephp/src/Routing/Dispatcher.php(60): Cake\Http\ActionDispatcher->dispatch(Object(Cake\Http\ServerRequest), Object(Cake\Http\Response))
#8 /Applications/XAMPP/xamppfiles/htdocs/trial/webroot/index.php(37): Cake\Routing\Dispatcher->dispatch(Object(Cake\Http\ServerRequest), Object(Cake\Http\Response))
#9 /Applications/XAMPP/xamppfiles/htdocs/trial/index.php(16): require('/Applications/X...')
#10 {main}


2017-05-09 11:57:03 Error: [Cake\Routing\Exception\MissingRouteException] A route matching "/" could not be found.
Exception Attributes: array (
  'url' => '/',
)
Request URL: /
Stack Trace:
#0 /Applications/XAMPP/xamppfiles/htdocs/trial/vendor/cakephp/cakephp/src/Routing/Router.php(368): Cake\Routing\RouteCollection->parseRequest(Object(Cake\Http\ServerRequest))
#1 /Applications/XAMPP/xamppfiles/htdocs/trial/vendor/cakephp/cakephp/src/Routing/Filter/RoutingFilter.php(58): Cake\Routing\Router::parseRequest(Object(Cake\Http\ServerRequest))
#2 /Applications/XAMPP/xamppfiles/htdocs/trial/vendor/cakephp/cakephp/src/Routing/DispatcherFilter.php(144): Cake\Routing\Filter\RoutingFilter->beforeDispatch(Object(Cake\Event\Event))
#3 /Applications/XAMPP/xamppfiles/htdocs/trial/vendor/cakephp/cakephp/src/Event/EventManager.php(414): Cake\Routing\DispatcherFilter->handle(Object(Cake\Event\Event), Object(Cake\Http\ServerRequest), Object(Cake\Http\Response))
#4 /Applications/XAMPP/xamppfiles/htdocs/trial/vendor/cakephp/cakephp/src/Event/EventManager.php(391): Cake\Event\EventManager->_callListener(Array, Object(Cake\Event\Event))
#5 /Applications/XAMPP/xamppfiles/htdocs/trial/vendor/cakephp/cakephp/src/Event/EventDispatcherTrait.php(78): Cake\Event\EventManager->dispatch(Object(Cake\Event\Event))
#6 /Applications/XAMPP/xamppfiles/htdocs/trial/vendor/cakephp/cakephp/src/Http/ActionDispatcher.php(78): Cake\Http\ActionDispatcher->dispatchEvent('Dispatcher.befo...', Array)
#7 /Applications/XAMPP/xamppfiles/htdocs/trial/vendor/cakephp/cakephp/src/Routing/Dispatcher.php(60): Cake\Http\ActionDispatcher->dispatch(Object(Cake\Http\ServerRequest), Object(Cake\Http\Response))
#8 /Applications/XAMPP/xamppfiles/htdocs/trial/webroot/index.php(37): Cake\Routing\Dispatcher->dispatch(Object(Cake\Http\ServerRequest), Object(Cake\Http\Response))
#9 /Applications/XAMPP/xamppfiles/htdocs/trial/index.php(16): require('/Applications/X...')
#10 {main}


2017-05-09 12:02:28 Error: [Cake\View\Exception\MissingTemplateException] Template file "Test/index.ctp" is missing.
Exception Attributes: array (
  'file' => 'Test/index.ctp',
)
Request URL: /test.json
Stack Trace:
#0 /Applications/XAMPP/xamppfiles/htdocs/trial/vendor/cakephp/cakephp/src/View/View.php(591): Cake\View\View->_getViewFileName(NULL)
#1 /Applications/XAMPP/xamppfiles/htdocs/trial/vendor/cakephp/cakephp/src/Controller/Controller.php(623): Cake\View\View->render(NULL, NULL)
#2 /Applications/XAMPP/xamppfiles/htdocs/trial/vendor/cakephp/cakephp/src/Http/ActionDispatcher.php(125): Cake\Controller\Controller->render()
#3 /Applications/XAMPP/xamppfiles/htdocs/trial/vendor/cakephp/cakephp/src/Http/ActionDispatcher.php(93): Cake\Http\ActionDispatcher->_invoke(Object(App\Controller\TestController))
#4 /Applications/XAMPP/xamppfiles/htdocs/trial/vendor/cakephp/cakephp/src/Routing/Dispatcher.php(60): Cake\Http\ActionDispatcher->dispatch(Object(Cake\Http\ServerRequest), Object(Cake\Http\Response))
#5 /Applications/XAMPP/xamppfiles/htdocs/trial/webroot/index.php(37): Cake\Routing\Dispatcher->dispatch(Object(Cake\Http\ServerRequest), Object(Cake\Http\Response))
#6 {main}


2017-05-09 12:02:53 Error: [Cake\View\Exception\MissingTemplateException] Template file "Test/index.ctp" is missing.
Exception Attributes: array (
  'file' => 'Test/index.ctp',
)
Request URL: /test.json
Stack Trace:
#0 /Applications/XAMPP/xamppfiles/htdocs/trial/vendor/cakephp/cakephp/src/View/View.php(591): Cake\View\View->_getViewFileName(NULL)
#1 /Applications/XAMPP/xamppfiles/htdocs/trial/vendor/cakephp/cakephp/src/Controller/Controller.php(623): Cake\View\View->render(NULL, NULL)
#2 /Applications/XAMPP/xamppfiles/htdocs/trial/vendor/cakephp/cakephp/src/Http/ActionDispatcher.php(125): Cake\Controller\Controller->render()
#3 /Applications/XAMPP/xamppfiles/htdocs/trial/vendor/cakephp/cakephp/src/Http/ActionDispatcher.php(93): Cake\Http\ActionDispatcher->_invoke(Object(App\Controller\TestController))
#4 /Applications/XAMPP/xamppfiles/htdocs/trial/vendor/cakephp/cakephp/src/Routing/Dispatcher.php(60): Cake\Http\ActionDispatcher->dispatch(Object(Cake\Http\ServerRequest), Object(Cake\Http\Response))
#5 /Applications/XAMPP/xamppfiles/htdocs/trial/webroot/index.php(37): Cake\Routing\Dispatcher->dispatch(Object(Cake\Http\ServerRequest), Object(Cake\Http\Response))
#6 {main}


2017-05-09 12:03:30 Error: [Cake\View\Exception\MissingTemplateException] Template file "Test/index.ctp" is missing.
Exception Attributes: array (
  'file' => 'Test/index.ctp',
)
Request URL: /test.json
Stack Trace:
#0 /Applications/XAMPP/xamppfiles/htdocs/trial/vendor/cakephp/cakephp/src/View/View.php(591): Cake\View\View->_getViewFileName(NULL)
#1 /Applications/XAMPP/xamppfiles/htdocs/trial/vendor/cakephp/cakephp/src/Controller/Controller.php(623): Cake\View\View->render(NULL, NULL)
#2 /Applications/XAMPP/xamppfiles/htdocs/trial/vendor/cakephp/cakephp/src/Http/ActionDispatcher.php(125): Cake\Controller\Controller->render()
#3 /Applications/XAMPP/xamppfiles/htdocs/trial/vendor/cakephp/cakephp/src/Http/ActionDispatcher.php(93): Cake\Http\ActionDispatcher->_invoke(Object(App\Controller\TestController))
#4 /Applications/XAMPP/xamppfiles/htdocs/trial/vendor/cakephp/cakephp/src/Routing/Dispatcher.php(60): Cake\Http\ActionDispatcher->dispatch(Object(Cake\Http\ServerRequest), Object(Cake\Http\Response))
#5 /Applications/XAMPP/xamppfiles/htdocs/trial/webroot/index.php(37): Cake\Routing\Dispatcher->dispatch(Object(Cake\Http\ServerRequest), Object(Cake\Http\Response))
#6 {main}


2017-05-09 12:03:55 Error: [Cake\View\Exception\MissingTemplateException] Template file "Test/index.ctp" is missing.
Exception Attributes: array (
  'file' => 'Test/index.ctp',
)
Request URL: /test.json
Stack Trace:
#0 /Applications/XAMPP/xamppfiles/htdocs/trial/vendor/cakephp/cakephp/src/View/View.php(591): Cake\View\View->_getViewFileName(NULL)
#1 /Applications/XAMPP/xamppfiles/htdocs/trial/vendor/cakephp/cakephp/src/Controller/Controller.php(623): Cake\View\View->render(NULL, NULL)
#2 /Applications/XAMPP/xamppfiles/htdocs/trial/vendor/cakephp/cakephp/src/Http/ActionDispatcher.php(125): Cake\Controller\Controller->render()
#3 /Applications/XAMPP/xamppfiles/htdocs/trial/vendor/cakephp/cakephp/src/Http/ActionDispatcher.php(93): Cake\Http\ActionDispatcher->_invoke(Object(App\Controller\TestController))
#4 /Applications/XAMPP/xamppfiles/htdocs/trial/vendor/cakephp/cakephp/src/Routing/Dispatcher.php(60): Cake\Http\ActionDispatcher->dispatch(Object(Cake\Http\ServerRequest), Object(Cake\Http\Response))
#5 /Applications/XAMPP/xamppfiles/htdocs/trial/webroot/index.php(37): Cake\Routing\Dispatcher->dispatch(Object(Cake\Http\ServerRequest), Object(Cake\Http\Response))
#6 {main}


2017-05-09 12:04:02 Error: [Cake\View\Exception\MissingTemplateException] Template file "Test/index.ctp" is missing.
Exception Attributes: array (
  'file' => 'Test/index.ctp',
)
Request URL: /test.json
Stack Trace:
#0 /Applications/XAMPP/xamppfiles/htdocs/trial/vendor/cakephp/cakephp/src/View/View.php(591): Cake\View\View->_getViewFileName(NULL)
#1 /Applications/XAMPP/xamppfiles/htdocs/trial/vendor/cakephp/cakephp/src/Controller/Controller.php(623): Cake\View\View->render(NULL, NULL)
#2 /Applications/XAMPP/xamppfiles/htdocs/trial/vendor/cakephp/cakephp/src/Http/ActionDispatcher.php(125): Cake\Controller\Controller->render()
#3 /Applications/XAMPP/xamppfiles/htdocs/trial/vendor/cakephp/cakephp/src/Http/ActionDispatcher.php(93): Cake\Http\ActionDispatcher->_invoke(Object(App\Controller\TestController))
#4 /Applications/XAMPP/xamppfiles/htdocs/trial/vendor/cakephp/cakephp/src/Routing/Dispatcher.php(60): Cake\Http\ActionDispatcher->dispatch(Object(Cake\Http\ServerRequest), Object(Cake\Http\Response))
#5 /Applications/XAMPP/xamppfiles/htdocs/trial/webroot/index.php(37): Cake\Routing\Dispatcher->dispatch(Object(Cake\Http\ServerRequest), Object(Cake\Http\Response))
#6 {main}


2017-05-09 12:04:16 Error: [Cake\View\Exception\MissingTemplateException] Template file "Test/index.ctp" is missing.
Exception Attributes: array (
  'file' => 'Test/index.ctp',
)
Request URL: /test.json
Stack Trace:
#0 /Applications/XAMPP/xamppfiles/htdocs/trial/vendor/cakephp/cakephp/src/View/View.php(591): Cake\View\View->_getViewFileName(NULL)
#1 /Applications/XAMPP/xamppfiles/htdocs/trial/vendor/cakephp/cakephp/src/Controller/Controller.php(623): Cake\View\View->render(NULL, NULL)
#2 /Applications/XAMPP/xamppfiles/htdocs/trial/vendor/cakephp/cakephp/src/Http/ActionDispatcher.php(125): Cake\Controller\Controller->render()
#3 /Applications/XAMPP/xamppfiles/htdocs/trial/vendor/cakephp/cakephp/src/Http/ActionDispatcher.php(93): Cake\Http\ActionDispatcher->_invoke(Object(App\Controller\TestController))
#4 /Applications/XAMPP/xamppfiles/htdocs/trial/vendor/cakephp/cakephp/src/Routing/Dispatcher.php(60): Cake\Http\ActionDispatcher->dispatch(Object(Cake\Http\ServerRequest), Object(Cake\Http\Response))
#5 /Applications/XAMPP/xamppfiles/htdocs/trial/webroot/index.php(37): Cake\Routing\Dispatcher->dispatch(Object(Cake\Http\ServerRequest), Object(Cake\Http\Response))
#6 {main}


2017-05-09 12:04:29 Error: [Cake\View\Exception\MissingTemplateException] Template file "Test/index.ctp" is missing.
Exception Attributes: array (
  'file' => 'Test/index.ctp',
)
Request URL: /test
Stack Trace:
#0 /Applications/XAMPP/xamppfiles/htdocs/trial/vendor/cakephp/cakephp/src/View/View.php(591): Cake\View\View->_getViewFileName(NULL)
#1 /Applications/XAMPP/xamppfiles/htdocs/trial/vendor/cakephp/cakephp/src/Controller/Controller.php(623): Cake\View\View->render(NULL, NULL)
#2 /Applications/XAMPP/xamppfiles/htdocs/trial/vendor/cakephp/cakephp/src/Http/ActionDispatcher.php(125): Cake\Controller\Controller->render()
#3 /Applications/XAMPP/xamppfiles/htdocs/trial/vendor/cakephp/cakephp/src/Http/ActionDispatcher.php(93): Cake\Http\ActionDispatcher->_invoke(Object(App\Controller\TestController))
#4 /Applications/XAMPP/xamppfiles/htdocs/trial/vendor/cakephp/cakephp/src/Routing/Dispatcher.php(60): Cake\Http\ActionDispatcher->dispatch(Object(Cake\Http\ServerRequest), Object(Cake\Http\Response))
#5 /Applications/XAMPP/xamppfiles/htdocs/trial/webroot/index.php(37): Cake\Routing\Dispatcher->dispatch(Object(Cake\Http\ServerRequest), Object(Cake\Http\Response))
#6 {main}


2017-05-09 12:04:33 Error: [Cake\View\Exception\MissingTemplateException] Template file "Test/index.ctp" is missing.
Exception Attributes: array (
  'file' => 'Test/index.ctp',
)
Request URL: /test.json
Stack Trace:
#0 /Applications/XAMPP/xamppfiles/htdocs/trial/vendor/cakephp/cakephp/src/View/View.php(591): Cake\View\View->_getViewFileName(NULL)
#1 /Applications/XAMPP/xamppfiles/htdocs/trial/vendor/cakephp/cakephp/src/Controller/Controller.php(623): Cake\View\View->render(NULL, NULL)
#2 /Applications/XAMPP/xamppfiles/htdocs/trial/vendor/cakephp/cakephp/src/Http/ActionDispatcher.php(125): Cake\Controller\Controller->render()
#3 /Applications/XAMPP/xamppfiles/htdocs/trial/vendor/cakephp/cakephp/src/Http/ActionDispatcher.php(93): Cake\Http\ActionDispatcher->_invoke(Object(App\Controller\TestController))
#4 /Applications/XAMPP/xamppfiles/htdocs/trial/vendor/cakephp/cakephp/src/Routing/Dispatcher.php(60): Cake\Http\ActionDispatcher->dispatch(Object(Cake\Http\ServerRequest), Object(Cake\Http\Response))
#5 /Applications/XAMPP/xamppfiles/htdocs/trial/webroot/index.php(37): Cake\Routing\Dispatcher->dispatch(Object(Cake\Http\ServerRequest), Object(Cake\Http\Response))
#6 {main}


2017-05-09 13:54:35 Error: [Cake\View\Exception\MissingTemplateException] Template file "Test/index.ctp" is missing.
Exception Attributes: array (
  'file' => 'Test/index.ctp',
)
Request URL: /test.json
Stack Trace:
#0 /Applications/XAMPP/xamppfiles/htdocs/trial/vendor/cakephp/cakephp/src/View/View.php(591): Cake\View\View->_getViewFileName(NULL)
#1 /Applications/XAMPP/xamppfiles/htdocs/trial/vendor/cakephp/cakephp/src/Controller/Controller.php(623): Cake\View\View->render(NULL, NULL)
#2 /Applications/XAMPP/xamppfiles/htdocs/trial/vendor/cakephp/cakephp/src/Http/ActionDispatcher.php(125): Cake\Controller\Controller->render()
#3 /Applications/XAMPP/xamppfiles/htdocs/trial/vendor/cakephp/cakephp/src/Http/ActionDispatcher.php(93): Cake\Http\ActionDispatcher->_invoke(Object(App\Controller\TestController))
#4 /Applications/XAMPP/xamppfiles/htdocs/trial/vendor/cakephp/cakephp/src/Routing/Dispatcher.php(60): Cake\Http\ActionDispatcher->dispatch(Object(Cake\Http\ServerRequest), Object(Cake\Http\Response))
#5 /Applications/XAMPP/xamppfiles/htdocs/trial/webroot/index.php(37): Cake\Routing\Dispatcher->dispatch(Object(Cake\Http\ServerRequest), Object(Cake\Http\Response))
#6 {main}


2017-05-09 13:55:16 Error: [Cake\View\Exception\MissingTemplateException] Template file "Test/index.ctp" is missing.
Exception Attributes: array (
  'file' => 'Test/index.ctp',
)
Request URL: /test.json
Stack Trace:
#0 /Applications/XAMPP/xamppfiles/htdocs/trial/vendor/cakephp/cakephp/src/View/View.php(591): Cake\View\View->_getViewFileName(NULL)
#1 /Applications/XAMPP/xamppfiles/htdocs/trial/vendor/cakephp/cakephp/src/Controller/Controller.php(623): Cake\View\View->render(NULL, NULL)
#2 /Applications/XAMPP/xamppfiles/htdocs/trial/vendor/cakephp/cakephp/src/Http/ActionDispatcher.php(125): Cake\Controller\Controller->render()
#3 /Applications/XAMPP/xamppfiles/htdocs/trial/vendor/cakephp/cakephp/src/Http/ActionDispatcher.php(93): Cake\Http\ActionDispatcher->_invoke(Object(App\Controller\TestController))
#4 /Applications/XAMPP/xamppfiles/htdocs/trial/vendor/cakephp/cakephp/src/Routing/Dispatcher.php(60): Cake\Http\ActionDispatcher->dispatch(Object(Cake\Http\ServerRequest), Object(Cake\Http\Response))
#5 /Applications/XAMPP/xamppfiles/htdocs/trial/webroot/index.php(37): Cake\Routing\Dispatcher->dispatch(Object(Cake\Http\ServerRequest), Object(Cake\Http\Response))
#6 {main}


2017-05-09 13:57:16 Error: [Cake\View\Exception\MissingTemplateException] Template file "Test/index.ctp" is missing.
Exception Attributes: array (
  'file' => 'Test/index.ctp',
)
Request URL: /test.json
Stack Trace:
#0 /Applications/XAMPP/xamppfiles/htdocs/trial/vendor/cakephp/cakephp/src/View/View.php(591): Cake\View\View->_getViewFileName(NULL)
#1 /Applications/XAMPP/xamppfiles/htdocs/trial/vendor/cakephp/cakephp/src/Controller/Controller.php(623): Cake\View\View->render(NULL, NULL)
#2 /Applications/XAMPP/xamppfiles/htdocs/trial/vendor/cakephp/cakephp/src/Http/ActionDispatcher.php(125): Cake\Controller\Controller->render()
#3 /Applications/XAMPP/xamppfiles/htdocs/trial/vendor/cakephp/cakephp/src/Http/ActionDispatcher.php(93): Cake\Http\ActionDispatcher->_invoke(Object(App\Controller\TestController))
#4 /Applications/XAMPP/xamppfiles/htdocs/trial/vendor/cakephp/cakephp/src/Routing/Dispatcher.php(60): Cake\Http\ActionDispatcher->dispatch(Object(Cake\Http\ServerRequest), Object(Cake\Http\Response))
#5 /Applications/XAMPP/xamppfiles/htdocs/trial/webroot/index.php(37): Cake\Routing\Dispatcher->dispatch(Object(Cake\Http\ServerRequest), Object(Cake\Http\Response))
#6 {main}


2017-05-09 13:58:10 Error: [Cake\View\Exception\MissingTemplateException] Template file "Test/index.ctp" is missing.
Exception Attributes: array (
  'file' => 'Test/index.ctp',
)
Request URL: /test.json
Stack Trace:
#0 /Applications/XAMPP/xamppfiles/htdocs/trial/vendor/cakephp/cakephp/src/View/View.php(591): Cake\View\View->_getViewFileName(NULL)
#1 /Applications/XAMPP/xamppfiles/htdocs/trial/vendor/cakephp/cakephp/src/Controller/Controller.php(623): Cake\View\View->render(NULL, NULL)
#2 /Applications/XAMPP/xamppfiles/htdocs/trial/vendor/cakephp/cakephp/src/Http/ActionDispatcher.php(125): Cake\Controller\Controller->render()
#3 /Applications/XAMPP/xamppfiles/htdocs/trial/vendor/cakephp/cakephp/src/Http/ActionDispatcher.php(93): Cake\Http\ActionDispatcher->_invoke(Object(App\Controller\TestController))
#4 /Applications/XAMPP/xamppfiles/htdocs/trial/vendor/cakephp/cakephp/src/Routing/Dispatcher.php(60): Cake\Http\ActionDispatcher->dispatch(Object(Cake\Http\ServerRequest), Object(Cake\Http\Response))
#5 /Applications/XAMPP/xamppfiles/htdocs/trial/webroot/index.php(37): Cake\Routing\Dispatcher->dispatch(Object(Cake\Http\ServerRequest), Object(Cake\Http\Response))
#6 {main}


2017-05-09 13:58:30 Error: [Cake\View\Exception\MissingTemplateException] Template file "Test/index.ctp" is missing.
Exception Attributes: array (
  'file' => 'Test/index.ctp',
)
Request URL: /test.json
Stack Trace:
#0 /Applications/XAMPP/xamppfiles/htdocs/trial/vendor/cakephp/cakephp/src/View/View.php(591): Cake\View\View->_getViewFileName(NULL)
#1 /Applications/XAMPP/xamppfiles/htdocs/trial/vendor/cakephp/cakephp/src/Controller/Controller.php(623): Cake\View\View->render(NULL, NULL)
#2 /Applications/XAMPP/xamppfiles/htdocs/trial/vendor/cakephp/cakephp/src/Http/ActionDispatcher.php(125): Cake\Controller\Controller->render()
#3 /Applications/XAMPP/xamppfiles/htdocs/trial/vendor/cakephp/cakephp/src/Http/ActionDispatcher.php(93): Cake\Http\ActionDispatcher->_invoke(Object(App\Controller\TestController))
#4 /Applications/XAMPP/xamppfiles/htdocs/trial/vendor/cakephp/cakephp/src/Routing/Dispatcher.php(60): Cake\Http\ActionDispatcher->dispatch(Object(Cake\Http\ServerRequest), Object(Cake\Http\Response))
#5 /Applications/XAMPP/xamppfiles/htdocs/trial/webroot/index.php(37): Cake\Routing\Dispatcher->dispatch(Object(Cake\Http\ServerRequest), Object(Cake\Http\Response))
#6 {main}


2017-05-09 13:58:33 Error: [Cake\View\Exception\MissingTemplateException] Template file "Test/index.ctp" is missing.
Exception Attributes: array (
  'file' => 'Test/index.ctp',
)
Request URL: /test.json
Stack Trace:
#0 /Applications/XAMPP/xamppfiles/htdocs/trial/vendor/cakephp/cakephp/src/View/View.php(591): Cake\View\View->_getViewFileName(NULL)
#1 /Applications/XAMPP/xamppfiles/htdocs/trial/vendor/cakephp/cakephp/src/Controller/Controller.php(623): Cake\View\View->render(NULL, NULL)
#2 /Applications/XAMPP/xamppfiles/htdocs/trial/vendor/cakephp/cakephp/src/Http/ActionDispatcher.php(125): Cake\Controller\Controller->render()
#3 /Applications/XAMPP/xamppfiles/htdocs/trial/vendor/cakephp/cakephp/src/Http/ActionDispatcher.php(93): Cake\Http\ActionDispatcher->_invoke(Object(App\Controller\TestController))
#4 /Applications/XAMPP/xamppfiles/htdocs/trial/vendor/cakephp/cakephp/src/Routing/Dispatcher.php(60): Cake\Http\ActionDispatcher->dispatch(Object(Cake\Http\ServerRequest), Object(Cake\Http\Response))
#5 /Applications/XAMPP/xamppfiles/htdocs/trial/webroot/index.php(37): Cake\Routing\Dispatcher->dispatch(Object(Cake\Http\ServerRequest), Object(Cake\Http\Response))
#6 {main}


2017-05-09 13:58:39 Error: [Cake\View\Exception\MissingTemplateException] Template file "Test/index.ctp" is missing.
Exception Attributes: array (
  'file' => 'Test/index.ctp',
)
Request URL: /test.json
Stack Trace:
#0 /Applications/XAMPP/xamppfiles/htdocs/trial/vendor/cakephp/cakephp/src/View/View.php(591): Cake\View\View->_getViewFileName(NULL)
#1 /Applications/XAMPP/xamppfiles/htdocs/trial/vendor/cakephp/cakephp/src/Controller/Controller.php(623): Cake\View\View->render(NULL, NULL)
#2 /Applications/XAMPP/xamppfiles/htdocs/trial/vendor/cakephp/cakephp/src/Http/ActionDispatcher.php(125): Cake\Controller\Controller->render()
#3 /Applications/XAMPP/xamppfiles/htdocs/trial/vendor/cakephp/cakephp/src/Http/ActionDispatcher.php(93): Cake\Http\ActionDispatcher->_invoke(Object(App\Controller\TestController))
#4 /Applications/XAMPP/xamppfiles/htdocs/trial/vendor/cakephp/cakephp/src/Routing/Dispatcher.php(60): Cake\Http\ActionDispatcher->dispatch(Object(Cake\Http\ServerRequest), Object(Cake\Http\Response))
#5 /Applications/XAMPP/xamppfiles/htdocs/trial/webroot/index.php(37): Cake\Routing\Dispatcher->dispatch(Object(Cake\Http\ServerRequest), Object(Cake\Http\Response))
#6 {main}


2017-05-09 14:00:21 Error: [Cake\View\Exception\MissingTemplateException] Template file "Test/index.ctp" is missing.
Exception Attributes: array (
  'file' => 'Test/index.ctp',
)
Request URL: /test.json
Stack Trace:
#0 /Applications/XAMPP/xamppfiles/htdocs/trial/vendor/cakephp/cakephp/src/View/View.php(591): Cake\View\View->_getViewFileName(NULL)
#1 /Applications/XAMPP/xamppfiles/htdocs/trial/vendor/cakephp/cakephp/src/Controller/Controller.php(623): Cake\View\View->render(NULL, NULL)
#2 /Applications/XAMPP/xamppfiles/htdocs/trial/vendor/cakephp/cakephp/src/Http/ActionDispatcher.php(125): Cake\Controller\Controller->render()
#3 /Applications/XAMPP/xamppfiles/htdocs/trial/vendor/cakephp/cakephp/src/Http/ActionDispatcher.php(93): Cake\Http\ActionDispatcher->_invoke(Object(App\Controller\TestController))
#4 /Applications/XAMPP/xamppfiles/htdocs/trial/vendor/cakephp/cakephp/src/Routing/Dispatcher.php(60): Cake\Http\ActionDispatcher->dispatch(Object(Cake\Http\ServerRequest), Object(Cake\Http\Response))
#5 /Applications/XAMPP/xamppfiles/htdocs/trial/webroot/index.php(37): Cake\Routing\Dispatcher->dispatch(Object(Cake\Http\ServerRequest), Object(Cake\Http\Response))
#6 {main}


2017-05-09 14:01:28 Error: [Cake\View\Exception\MissingTemplateException] Template file "Test/index.ctp" is missing.
Exception Attributes: array (
  'file' => 'Test/index.ctp',
)
Request URL: /test.json
Stack Trace:
#0 /Applications/XAMPP/xamppfiles/htdocs/trial/vendor/cakephp/cakephp/src/View/View.php(591): Cake\View\View->_getViewFileName(NULL)
#1 /Applications/XAMPP/xamppfiles/htdocs/trial/vendor/cakephp/cakephp/src/Controller/Controller.php(623): Cake\View\View->render(NULL, NULL)
#2 /Applications/XAMPP/xamppfiles/htdocs/trial/vendor/cakephp/cakephp/src/Http/ActionDispatcher.php(125): Cake\Controller\Controller->render()
#3 /Applications/XAMPP/xamppfiles/htdocs/trial/vendor/cakephp/cakephp/src/Http/ActionDispatcher.php(93): Cake\Http\ActionDispatcher->_invoke(Object(App\Controller\TestController))
#4 /Applications/XAMPP/xamppfiles/htdocs/trial/vendor/cakephp/cakephp/src/Routing/Dispatcher.php(60): Cake\Http\ActionDispatcher->dispatch(Object(Cake\Http\ServerRequest), Object(Cake\Http\Response))
#5 /Applications/XAMPP/xamppfiles/htdocs/trial/webroot/index.php(37): Cake\Routing\Dispatcher->dispatch(Object(Cake\Http\ServerRequest), Object(Cake\Http\Response))
#6 {main}


2017-05-09 14:02:27 Error: [Cake\View\Exception\MissingTemplateException] Template file "Test/index.ctp" is missing.
Exception Attributes: array (
  'file' => 'Test/index.ctp',
)
Request URL: /test.json
Stack Trace:
#0 /Applications/XAMPP/xamppfiles/htdocs/trial/vendor/cakephp/cakephp/src/View/View.php(591): Cake\View\View->_getViewFileName(NULL)
#1 /Applications/XAMPP/xamppfiles/htdocs/trial/vendor/cakephp/cakephp/src/Controller/Controller.php(623): Cake\View\View->render(NULL, NULL)
#2 /Applications/XAMPP/xamppfiles/htdocs/trial/vendor/cakephp/cakephp/src/Http/ActionDispatcher.php(125): Cake\Controller\Controller->render()
#3 /Applications/XAMPP/xamppfiles/htdocs/trial/vendor/cakephp/cakephp/src/Http/ActionDispatcher.php(93): Cake\Http\ActionDispatcher->_invoke(Object(App\Controller\TestController))
#4 /Applications/XAMPP/xamppfiles/htdocs/trial/vendor/cakephp/cakephp/src/Routing/Dispatcher.php(60): Cake\Http\ActionDispatcher->dispatch(Object(Cake\Http\ServerRequest), Object(Cake\Http\Response))
#5 /Applications/XAMPP/xamppfiles/htdocs/trial/webroot/index.php(37): Cake\Routing\Dispatcher->dispatch(Object(Cake\Http\ServerRequest), Object(Cake\Http\Response))
#6 {main}


2017-05-09 14:03:31 Error: [Cake\View\Exception\MissingTemplateException] Template file "Test/index.ctp" is missing.
Exception Attributes: array (
  'file' => 'Test/index.ctp',
)
Request URL: /test.json
Stack Trace:
#0 /Applications/XAMPP/xamppfiles/htdocs/trial/vendor/cakephp/cakephp/src/View/View.php(591): Cake\View\View->_getViewFileName(NULL)
#1 /Applications/XAMPP/xamppfiles/htdocs/trial/vendor/cakephp/cakephp/src/Controller/Controller.php(623): Cake\View\View->render(NULL, NULL)
#2 /Applications/XAMPP/xamppfiles/htdocs/trial/vendor/cakephp/cakephp/src/Http/ActionDispatcher.php(125): Cake\Controller\Controller->render()
#3 /Applications/XAMPP/xamppfiles/htdocs/trial/vendor/cakephp/cakephp/src/Http/ActionDispatcher.php(93): Cake\Http\ActionDispatcher->_invoke(Object(App\Controller\TestController))
#4 /Applications/XAMPP/xamppfiles/htdocs/trial/vendor/cakephp/cakephp/src/Routing/Dispatcher.php(60): Cake\Http\ActionDispatcher->dispatch(Object(Cake\Http\ServerRequest), Object(Cake\Http\Response))
#5 /Applications/XAMPP/xamppfiles/htdocs/trial/webroot/index.php(37): Cake\Routing\Dispatcher->dispatch(Object(Cake\Http\ServerRequest), Object(Cake\Http\Response))
#6 {main}


2017-05-09 14:04:45 Error: [Cake\View\Exception\MissingTemplateException] Template file "Test/index.ctp" is missing.
Exception Attributes: array (
  'file' => 'Test/index.ctp',
)
Request URL: /test.json
Stack Trace:
#0 /Applications/XAMPP/xamppfiles/htdocs/trial/vendor/cakephp/cakephp/src/View/View.php(591): Cake\View\View->_getViewFileName(NULL)
#1 /Applications/XAMPP/xamppfiles/htdocs/trial/vendor/cakephp/cakephp/src/Controller/Controller.php(623): Cake\View\View->render(NULL, NULL)
#2 /Applications/XAMPP/xamppfiles/htdocs/trial/vendor/cakephp/cakephp/src/Http/ActionDispatcher.php(125): Cake\Controller\Controller->render()
#3 /Applications/XAMPP/xamppfiles/htdocs/trial/vendor/cakephp/cakephp/src/Http/ActionDispatcher.php(93): Cake\Http\ActionDispatcher->_invoke(Object(App\Controller\TestController))
#4 /Applications/XAMPP/xamppfiles/htdocs/trial/vendor/cakephp/cakephp/src/Routing/Dispatcher.php(60): Cake\Http\ActionDispatcher->dispatch(Object(Cake\Http\ServerRequest), Object(Cake\Http\Response))
#5 /Applications/XAMPP/xamppfiles/htdocs/trial/webroot/index.php(37): Cake\Routing\Dispatcher->dispatch(Object(Cake\Http\ServerRequest), Object(Cake\Http\Response))
#6 {main}


2017-05-09 14:05:51 Error: [Cake\View\Exception\MissingTemplateException] Template file "Test/index.ctp" is missing.
Exception Attributes: array (
  'file' => 'Test/index.ctp',
)
Request URL: /test
Stack Trace:
#0 /Applications/XAMPP/xamppfiles/htdocs/trial/vendor/cakephp/cakephp/src/View/View.php(591): Cake\View\View->_getViewFileName(NULL)
#1 /Applications/XAMPP/xamppfiles/htdocs/trial/vendor/cakephp/cakephp/src/Controller/Controller.php(623): Cake\View\View->render(NULL, NULL)
#2 /Applications/XAMPP/xamppfiles/htdocs/trial/vendor/cakephp/cakephp/src/Http/ActionDispatcher.php(125): Cake\Controller\Controller->render()
#3 /Applications/XAMPP/xamppfiles/htdocs/trial/vendor/cakephp/cakephp/src/Http/ActionDispatcher.php(93): Cake\Http\ActionDispatcher->_invoke(Object(App\Controller\TestController))
#4 /Applications/XAMPP/xamppfiles/htdocs/trial/vendor/cakephp/cakephp/src/Routing/Dispatcher.php(60): Cake\Http\ActionDispatcher->dispatch(Object(Cake\Http\ServerRequest), Object(Cake\Http\Response))
#5 /Applications/XAMPP/xamppfiles/htdocs/trial/webroot/index.php(37): Cake\Routing\Dispatcher->dispatch(Object(Cake\Http\ServerRequest), Object(Cake\Http\Response))
#6 {main}


2017-05-09 14:05:58 Error: [Cake\View\Exception\MissingTemplateException] Template file "Test/index.ctp" is missing.
Exception Attributes: array (
  'file' => 'Test/index.ctp',
)
Request URL: /test.json
Stack Trace:
#0 /Applications/XAMPP/xamppfiles/htdocs/trial/vendor/cakephp/cakephp/src/View/View.php(591): Cake\View\View->_getViewFileName(NULL)
#1 /Applications/XAMPP/xamppfiles/htdocs/trial/vendor/cakephp/cakephp/src/Controller/Controller.php(623): Cake\View\View->render(NULL, NULL)
#2 /Applications/XAMPP/xamppfiles/htdocs/trial/vendor/cakephp/cakephp/src/Http/ActionDispatcher.php(125): Cake\Controller\Controller->render()
#3 /Applications/XAMPP/xamppfiles/htdocs/trial/vendor/cakephp/cakephp/src/Http/ActionDispatcher.php(93): Cake\Http\ActionDispatcher->_invoke(Object(App\Controller\TestController))
#4 /Applications/XAMPP/xamppfiles/htdocs/trial/vendor/cakephp/cakephp/src/Routing/Dispatcher.php(60): Cake\Http\ActionDispatcher->dispatch(Object(Cake\Http\ServerRequest), Object(Cake\Http\Response))
#5 /Applications/XAMPP/xamppfiles/htdocs/trial/webroot/index.php(37): Cake\Routing\Dispatcher->dispatch(Object(Cake\Http\ServerRequest), Object(Cake\Http\Response))
#6 {main}


2017-05-09 14:07:22 Error: [Cake\View\Exception\MissingTemplateException] Template file "Test/index.ctp" is missing.
Exception Attributes: array (
  'file' => 'Test/index.ctp',
)
Request URL: /test.json
Stack Trace:
#0 /Applications/XAMPP/xamppfiles/htdocs/trial/vendor/cakephp/cakephp/src/View/View.php(591): Cake\View\View->_getViewFileName(NULL)
#1 /Applications/XAMPP/xamppfiles/htdocs/trial/vendor/cakephp/cakephp/src/Controller/Controller.php(623): Cake\View\View->render(NULL, NULL)
#2 /Applications/XAMPP/xamppfiles/htdocs/trial/vendor/cakephp/cakephp/src/Http/ActionDispatcher.php(125): Cake\Controller\Controller->render()
#3 /Applications/XAMPP/xamppfiles/htdocs/trial/vendor/cakephp/cakephp/src/Http/ActionDispatcher.php(93): Cake\Http\ActionDispatcher->_invoke(Object(App\Controller\TestController))
#4 /Applications/XAMPP/xamppfiles/htdocs/trial/vendor/cakephp/cakephp/src/Routing/Dispatcher.php(60): Cake\Http\ActionDispatcher->dispatch(Object(Cake\Http\ServerRequest), Object(Cake\Http\Response))
#5 /Applications/XAMPP/xamppfiles/htdocs/trial/webroot/index.php(37): Cake\Routing\Dispatcher->dispatch(Object(Cake\Http\ServerRequest), Object(Cake\Http\Response))
#6 {main}


2017-05-10 08:31:38 Error: [Cake\Routing\Exception\MissingRouteException] A route matching "/genres.json" could not be found.
Exception Attributes: array (
  'url' => '/genres.json',
)
Request URL: /genres.json
Stack Trace:
#0 /Applications/XAMPP/xamppfiles/htdocs/trial/vendor/cakephp/cakephp/src/Routing/Router.php(368): Cake\Routing\RouteCollection->parseRequest(Object(Cake\Http\ServerRequest))
#1 /Applications/XAMPP/xamppfiles/htdocs/trial/vendor/cakephp/cakephp/src/Routing/Filter/RoutingFilter.php(58): Cake\Routing\Router::parseRequest(Object(Cake\Http\ServerRequest))
#2 /Applications/XAMPP/xamppfiles/htdocs/trial/vendor/cakephp/cakephp/src/Routing/DispatcherFilter.php(144): Cake\Routing\Filter\RoutingFilter->beforeDispatch(Object(Cake\Event\Event))
#3 /Applications/XAMPP/xamppfiles/htdocs/trial/vendor/cakephp/cakephp/src/Event/EventManager.php(414): Cake\Routing\DispatcherFilter->handle(Object(Cake\Event\Event), Object(Cake\Http\ServerRequest), Object(Cake\Http\Response))
#4 /Applications/XAMPP/xamppfiles/htdocs/trial/vendor/cakephp/cakephp/src/Event/EventManager.php(391): Cake\Event\EventManager->_callListener(Array, Object(Cake\Event\Event))
#5 /Applications/XAMPP/xamppfiles/htdocs/trial/vendor/cakephp/cakephp/src/Event/EventDispatcherTrait.php(78): Cake\Event\EventManager->dispatch(Object(Cake\Event\Event))
#6 /Applications/XAMPP/xamppfiles/htdocs/trial/vendor/cakephp/cakephp/src/Http/ActionDispatcher.php(78): Cake\Http\ActionDispatcher->dispatchEvent('Dispatcher.befo...', Array)
#7 /Applications/XAMPP/xamppfiles/htdocs/trial/vendor/cakephp/cakephp/src/Routing/Dispatcher.php(60): Cake\Http\ActionDispatcher->dispatch(Object(Cake\Http\ServerRequest), Object(Cake\Http\Response))
#8 /Applications/XAMPP/xamppfiles/htdocs/trial/webroot/index.php(37): Cake\Routing\Dispatcher->dispatch(Object(Cake\Http\ServerRequest), Object(Cake\Http\Response))
#9 {main}


2017-05-10 08:33:55 Warning: Warning (2): Illegal offset type in [/Applications/XAMPP/xamppfiles/htdocs/trial/vendor/cakephp/cakephp/src/View/ViewVarsTrait.php, line 139]
Request URL: /genres.json
Trace:
Cake\Error\BaseErrorHandler::handleError() - CORE/src/Error/BaseErrorHandler.php, line 153
Cake\Controller\Controller::set() - CORE/src/View/ViewVarsTrait.php, line 139
App\Controller\GenresController::index() - APP/Controller/GenresController.php, line 30
Cake\Controller\Controller::invokeAction() - CORE/src/Controller/Controller.php, line 440
Cake\Http\ActionDispatcher::_invoke() - CORE/src/Http/ActionDispatcher.php, line 119
Cake\Http\ActionDispatcher::dispatch() - CORE/src/Http/ActionDispatcher.php, line 93
Cake\Routing\Dispatcher::dispatch() - CORE/src/Routing/Dispatcher.php, line 60
[main] - ROOT/webroot/index.php, line 37



2017-05-10 08:33:55 Warning: Headers already sent in /Applications/XAMPP/xamppfiles/htdocs/trial/vendor/cakephp/cakephp/src/Error/Debugger.php:822
2017-05-10 08:35:19 Error: Fatal Error (256): [Cake\View\Exception\MissingTemplateException] Template file "Error/error500.ctp" is missing.
#0 /Applications/XAMPP/xamppfiles/htdocs/trial/vendor/cakephp/cakephp/src/View/View.php(591): Cake\View\View->_getViewFileName('error500')
#1 /Applications/XAMPP/xamppfiles/htdocs/trial/vendor/cakephp/cakephp/src/Error/ExceptionRenderer.php(359): Cake\View\View->render('error500', 'error')
#2 /Applications/XAMPP/xamppfiles/htdocs/trial/vendor/cakephp/cakephp/src/Error/ExceptionRenderer.php(338): Cake\Error\ExceptionRenderer->_outputMessageSafe('error500')
#3 /Applications/XAMPP/xamppfiles/htdocs/trial/vendor/cakephp/cakephp/src/Error/ExceptionRenderer.php(195): Cake\Error\ExceptionRenderer->_outputMessage('invalidArgument')
#4 /Applications/XAMPP/xamppfiles/htdocs/trial/vendor/cakephp/cakephp/src/Error/ErrorHandler.php(137): Cake\Error\ExceptionRenderer->render()
#5 /Applications/XAMPP/xamppfiles/htdocs/trial/vendor/cakephp/cakephp/src/Error/BaseErrorHandler.php(187): Cake\Error\ErrorHandler->_displayException(Object(InvalidArgumentException))
#6 /Applications/XAMPP/xamppfiles/htdocs/trial/vendor/cakephp/cakephp/src/Error/BaseErrorHandler.php(171): Cake\Error\BaseErrorHandler->handleException(Object(InvalidArgumentException))
#7 [internal function]: Cake\Error\BaseErrorHandler->wrapAndHandleException(Object(InvalidArgumentException))
#8 {main} in [/Applications/XAMPP/xamppfiles/htdocs/trial/vendor/cakephp/cakephp/src/Error/ErrorHandler.php, line 149]


2017-05-10 08:35:19 Error: [Cake\Error\FatalErrorException] [Cake\View\Exception\MissingTemplateException] Template file "Error/error500.ctp" is missing.
#0 /Applications/XAMPP/xamppfiles/htdocs/trial/vendor/cakephp/cakephp/src/View/View.php(591): Cake\View\View->_getViewFileName('error500')
#1 /Applications/XAMPP/xamppfiles/htdocs/trial/vendor/cakephp/cakephp/src/Error/ExceptionRenderer.php(359): Cake\View\View->render('error500', 'error')
#2 /Applications/XAMPP/xamppfiles/htdocs/trial/vendor/cakephp/cakephp/src/Error/ExceptionRenderer.php(338): Cake\Error\ExceptionRenderer->_outputMessageSafe('error500')
#3 /Applications/XAMPP/xamppfiles/htdocs/trial/vendor/cakephp/cakephp/src/Error/ExceptionRenderer.php(195): Cake\Error\ExceptionRenderer->_outputMessage('invalidArgument')
#4 /Applications/XAMPP/xamppfiles/htdocs/trial/vendor/cakephp/cakephp/src/Error/ErrorHandler.php(137): Cake\Error\ExceptionRenderer->render()
#5 /Applications/XAMPP/xamppfiles/htdocs/trial/vendor/cakephp/cakephp/src/Error/BaseErrorHandler.php(187): Cake\Error\ErrorHandler->_displayException(Object(InvalidArgumentException))
#6 /Applications/XAMPP/xamppfiles/htdocs/trial/vendor/cakephp/cakephp/src/Error/BaseErrorHandler.php(171): Cake\Error\BaseErrorHandler->handleException(Object(InvalidArgumentException))
#7 [internal function]: Cake\Error\BaseErrorHandler->wrapAndHandleException(Object(InvalidArgumentException))
#8 {main}
Request URL: /genres.json
2017-05-10 08:35:19 Error: [InvalidArgumentException] Genres is not associated with Books
Request URL: /genres.json
2017-05-10 08:36:12 Error: [BadMethodCallException] Unknown method "all"
Request URL: /genres.json
Stack Trace:
#0 /Applications/XAMPP/xamppfiles/htdocs/trial/src/Controller/GenresController.php(29): Cake\ORM\Table->__call('all', Array)
#1 /Applications/XAMPP/xamppfiles/htdocs/trial/src/Controller/GenresController.php(29): Cake\ORM\Table->all()
#2 /Applications/XAMPP/xamppfiles/htdocs/trial/vendor/cakephp/cakephp/src/Controller/Controller.php(440): App\Controller\GenresController->index()
#3 /Applications/XAMPP/xamppfiles/htdocs/trial/vendor/cakephp/cakephp/src/Http/ActionDispatcher.php(119): Cake\Controller\Controller->invokeAction()
#4 /Applications/XAMPP/xamppfiles/htdocs/trial/vendor/cakephp/cakephp/src/Http/ActionDispatcher.php(93): Cake\Http\ActionDispatcher->_invoke(Object(App\Controller\GenresController))
#5 /Applications/XAMPP/xamppfiles/htdocs/trial/vendor/cakephp/cakephp/src/Routing/Dispatcher.php(60): Cake\Http\ActionDispatcher->dispatch(Object(Cake\Http\ServerRequest), Object(Cake\Http\Response))
#6 /Applications/XAMPP/xamppfiles/htdocs/trial/webroot/index.php(37): Cake\Routing\Dispatcher->dispatch(Object(Cake\Http\ServerRequest), Object(Cake\Http\Response))
#7 {main}


2017-05-10 08:40:29 Error: [ReflectionException] Class App\Controller\BooksController does not have a constructor, so you cannot pass any constructor arguments
Request URL: /genres/8/books.json
Stack Trace:
#0 /Applications/XAMPP/xamppfiles/htdocs/trial/vendor/cakephp/cakephp/src/Http/ControllerFactory.php(77): ReflectionClass->newInstance(Object(Cake\Http\ServerRequest), Object(Cake\Http\Response), 'Books')
#1 /Applications/XAMPP/xamppfiles/htdocs/trial/vendor/cakephp/cakephp/src/Routing/Filter/ControllerFactoryFilter.php(63): Cake\Http\ControllerFactory->create(Object(Cake\Http\ServerRequest), Object(Cake\Http\Response))
#2 /Applications/XAMPP/xamppfiles/htdocs/trial/vendor/cakephp/cakephp/src/Routing/Filter/ControllerFactoryFilter.php(49): Cake\Routing\Filter\ControllerFactoryFilter->_getController(Object(Cake\Http\ServerRequest), Object(Cake\Http\Response))
#3 /Applications/XAMPP/xamppfiles/htdocs/trial/vendor/cakephp/cakephp/src/Routing/DispatcherFilter.php(144): Cake\Routing\Filter\ControllerFactoryFilter->beforeDispatch(Object(Cake\Event\Event))
#4 /Applications/XAMPP/xamppfiles/htdocs/trial/vendor/cakephp/cakephp/src/Event/EventManager.php(414): Cake\Routing\DispatcherFilter->handle(Object(Cake\Event\Event), Object(Cake\Http\ServerRequest), Object(Cake\Http\Response))
#5 /Applications/XAMPP/xamppfiles/htdocs/trial/vendor/cakephp/cakephp/src/Event/EventManager.php(391): Cake\Event\EventManager->_callListener(Array, Object(Cake\Event\Event))
#6 /Applications/XAMPP/xamppfiles/htdocs/trial/vendor/cakephp/cakephp/src/Event/EventDispatcherTrait.php(78): Cake\Event\EventManager->dispatch(Object(Cake\Event\Event))
#7 /Applications/XAMPP/xamppfiles/htdocs/trial/vendor/cakephp/cakephp/src/Http/ActionDispatcher.php(78): Cake\Http\ActionDispatcher->dispatchEvent('Dispatcher.befo...', Array)
#8 /Applications/XAMPP/xamppfiles/htdocs/trial/vendor/cakephp/cakephp/src/Routing/Dispatcher.php(60): Cake\Http\ActionDispatcher->dispatch(Object(Cake\Http\ServerRequest), Object(Cake\Http\Response))
#9 /Applications/XAMPP/xamppfiles/htdocs/trial/webroot/index.php(37): Cake\Routing\Dispatcher->dispatch(Object(Cake\Http\ServerRequest), Object(Cake\Http\Response))
#10 {main}


2017-05-10 08:40:44 Warning: Warning (2): Missing argument 1 for App\Controller\BooksController::index(), called in /Applications/XAMPP/xamppfiles/htdocs/trial/vendor/cakephp/cakephp/src/Controller/Controller.php on line 440 and defined in [/Applications/XAMPP/xamppfiles/htdocs/trial/src/Controller/BooksController.php, line 8]
Request URL: /genres/8/books.json
Trace:
Cake\Error\BaseErrorHandler::handleError() - CORE/src/Error/BaseErrorHandler.php, line 153
App\Controller\BooksController::index() - APP/Controller/BooksController.php, line 8
Cake\Controller\Controller::invokeAction() - CORE/src/Controller/Controller.php, line 440
Cake\Http\ActionDispatcher::_invoke() - CORE/src/Http/ActionDispatcher.php, line 119
Cake\Http\ActionDispatcher::dispatch() - CORE/src/Http/ActionDispatcher.php, line 93
Cake\Routing\Dispatcher::dispatch() - CORE/src/Routing/Dispatcher.php, line 60
[main] - ROOT/webroot/index.php, line 37



2017-05-10 08:40:44 Warning: Headers already sent in /Applications/XAMPP/xamppfiles/htdocs/trial/vendor/cakephp/cakephp/src/Error/Debugger.php:822
2017-05-10 08:40:44 Error: [PDOException] SQLSTATE[42000]: Syntax error or access violation: 1064 You have an error in your SQL syntax; check the manual that corresponds to your MariaDB server version for the right syntax to use near '= NULL' at line 1
Request URL: /genres/8/books.json
Stack Trace:
#0 /Applications/XAMPP/xamppfiles/htdocs/trial/vendor/cakephp/cakephp/src/Database/Statement/MysqlStatement.php(39): PDOStatement->execute(NULL)
#1 /Applications/XAMPP/xamppfiles/htdocs/trial/vendor/cakephp/cakephp/src/Database/Statement/StatementDecorator.php(174): Cake\Database\Statement\MysqlStatement->execute(NULL)
#2 /Applications/XAMPP/xamppfiles/htdocs/trial/vendor/cakephp/cakephp/src/Database/Log/LoggingStatement.php(56): Cake\Database\Statement\StatementDecorator->execute(NULL)
#3 /Applications/XAMPP/xamppfiles/htdocs/trial/vendor/cakephp/cakephp/src/Database/Connection.php(304): Cake\Database\Log\LoggingStatement->execute()
#4 /Applications/XAMPP/xamppfiles/htdocs/trial/vendor/cakephp/cakephp/src/Database/Query.php(213): Cake\Database\Connection->run(Object(Cake\ORM\Query))
#5 /Applications/XAMPP/xamppfiles/htdocs/trial/vendor/cakephp/cakephp/src/ORM/Query.php(1011): Cake\Database\Query->execute()
#6 /Applications/XAMPP/xamppfiles/htdocs/trial/vendor/cakephp/cakephp/src/Datasource/QueryTrait.php(276): Cake\ORM\Query->_execute()
#7 /Applications/XAMPP/xamppfiles/htdocs/trial/vendor/cakephp/cakephp/src/ORM/Query.php(959): Cake\ORM\Query->_all()
#8 /Applications/XAMPP/xamppfiles/htdocs/trial/src/Controller/BooksController.php(12): Cake\ORM\Query->all()
#9 /Applications/XAMPP/xamppfiles/htdocs/trial/vendor/cakephp/cakephp/src/Controller/Controller.php(440): App\Controller\BooksController->index()
#10 /Applications/XAMPP/xamppfiles/htdocs/trial/vendor/cakephp/cakephp/src/Http/ActionDispatcher.php(119): Cake\Controller\Controller->invokeAction()
#11 /Applications/XAMPP/xamppfiles/htdocs/trial/vendor/cakephp/cakephp/src/Http/ActionDispatcher.php(93): Cake\Http\ActionDispatcher->_invoke(Object(App\Controller\BooksController))
#12 /Applications/XAMPP/xamppfiles/htdocs/trial/vendor/cakephp/cakephp/src/Routing/Dispatcher.php(60): Cake\Http\ActionDispatcher->dispatch(Object(Cake\Http\ServerRequest), Object(Cake\Http\Response))
#13 /Applications/XAMPP/xamppfiles/htdocs/trial/webroot/index.php(37): Cake\Routing\Dispatcher->dispatch(Object(Cake\Http\ServerRequest), Object(Cake\Http\Response))
#14 {main}


2017-05-10 08:56:34 Error: Fatal Error (256): [Cake\View\Exception\MissingTemplateException] Template file "Error/error500.ctp" is missing.
#0 /Applications/XAMPP/xamppfiles/htdocs/trial/vendor/cakephp/cakephp/src/View/View.php(591): Cake\View\View->_getViewFileName('error500')
#1 /Applications/XAMPP/xamppfiles/htdocs/trial/vendor/cakephp/cakephp/src/Error/ExceptionRenderer.php(359): Cake\View\View->render('error500', 'error')
#2 /Applications/XAMPP/xamppfiles/htdocs/trial/vendor/cakephp/cakephp/src/Error/ExceptionRenderer.php(338): Cake\Error\ExceptionRenderer->_outputMessageSafe('error500')
#3 /Applications/XAMPP/xamppfiles/htdocs/trial/vendor/cakephp/cakephp/src/Error/ExceptionRenderer.php(195): Cake\Error\ExceptionRenderer->_outputMessage('invalidArgument')
#4 /Applications/XAMPP/xamppfiles/htdocs/trial/vendor/cakephp/cakephp/src/Error/ErrorHandler.php(137): Cake\Error\ExceptionRenderer->render()
#5 /Applications/XAMPP/xamppfiles/htdocs/trial/vendor/cakephp/cakephp/src/Error/BaseErrorHandler.php(187): Cake\Error\ErrorHandler->_displayException(Object(InvalidArgumentException))
#6 /Applications/XAMPP/xamppfiles/htdocs/trial/vendor/cakephp/cakephp/src/Error/BaseErrorHandler.php(171): Cake\Error\BaseErrorHandler->handleException(Object(InvalidArgumentException))
#7 [internal function]: Cake\Error\BaseErrorHandler->wrapAndHandleException(Object(InvalidArgumentException))
#8 {main} in [/Applications/XAMPP/xamppfiles/htdocs/trial/vendor/cakephp/cakephp/src/Error/ErrorHandler.php, line 149]


2017-05-10 08:56:34 Error: [Cake\Error\FatalErrorException] [Cake\View\Exception\MissingTemplateException] Template file "Error/error500.ctp" is missing.
#0 /Applications/XAMPP/xamppfiles/htdocs/trial/vendor/cakephp/cakephp/src/View/View.php(591): Cake\View\View->_getViewFileName('error500')
#1 /Applications/XAMPP/xamppfiles/htdocs/trial/vendor/cakephp/cakephp/src/Error/ExceptionRenderer.php(359): Cake\View\View->render('error500', 'error')
#2 /Applications/XAMPP/xamppfiles/htdocs/trial/vendor/cakephp/cakephp/src/Error/ExceptionRenderer.php(338): Cake\Error\ExceptionRenderer->_outputMessageSafe('error500')
#3 /Applications/XAMPP/xamppfiles/htdocs/trial/vendor/cakephp/cakephp/src/Error/ExceptionRenderer.php(195): Cake\Error\ExceptionRenderer->_outputMessage('invalidArgument')
#4 /Applications/XAMPP/xamppfiles/htdocs/trial/vendor/cakephp/cakephp/src/Error/ErrorHandler.php(137): Cake\Error\ExceptionRenderer->render()
#5 /Applications/XAMPP/xamppfiles/htdocs/trial/vendor/cakephp/cakephp/src/Error/BaseErrorHandler.php(187): Cake\Error\ErrorHandler->_displayException(Object(InvalidArgumentException))
#6 /Applications/XAMPP/xamppfiles/htdocs/trial/vendor/cakephp/cakephp/src/Error/BaseErrorHandler.php(171): Cake\Error\BaseErrorHandler->handleException(Object(InvalidArgumentException))
#7 [internal function]: Cake\Error\BaseErrorHandler->wrapAndHandleException(Object(InvalidArgumentException))
#8 {main}
Request URL: /genres/8/books.json
2017-05-10 08:56:34 Error: [InvalidArgumentException] Books is not associated with Author
Request URL: /genres/8/books.json
2017-05-10 08:57:54 Error: Fatal Error (256): [Cake\View\Exception\MissingTemplateException] Template file "Error/error500.ctp" is missing.
#0 /Applications/XAMPP/xamppfiles/htdocs/trial/vendor/cakephp/cakephp/src/View/View.php(591): Cake\View\View->_getViewFileName('error500')
#1 /Applications/XAMPP/xamppfiles/htdocs/trial/vendor/cakephp/cakephp/src/Error/ExceptionRenderer.php(359): Cake\View\View->render('error500', 'error')
#2 /Applications/XAMPP/xamppfiles/htdocs/trial/vendor/cakephp/cakephp/src/Error/ExceptionRenderer.php(338): Cake\Error\ExceptionRenderer->_outputMessageSafe('error500')
#3 /Applications/XAMPP/xamppfiles/htdocs/trial/vendor/cakephp/cakephp/src/Error/ExceptionRenderer.php(195): Cake\Error\ExceptionRenderer->_outputMessage('invalidArgument')
#4 /Applications/XAMPP/xamppfiles/htdocs/trial/vendor/cakephp/cakephp/src/Error/ErrorHandler.php(137): Cake\Error\ExceptionRenderer->render()
#5 /Applications/XAMPP/xamppfiles/htdocs/trial/vendor/cakephp/cakephp/src/Error/BaseErrorHandler.php(187): Cake\Error\ErrorHandler->_displayException(Object(InvalidArgumentException))
#6 /Applications/XAMPP/xamppfiles/htdocs/trial/vendor/cakephp/cakephp/src/Error/BaseErrorHandler.php(171): Cake\Error\BaseErrorHandler->handleException(Object(InvalidArgumentException))
#7 [internal function]: Cake\Error\BaseErrorHandler->wrapAndHandleException(Object(InvalidArgumentException))
#8 {main} in [/Applications/XAMPP/xamppfiles/htdocs/trial/vendor/cakephp/cakephp/src/Error/ErrorHandler.php, line 149]


2017-05-10 08:57:54 Error: [Cake\Error\FatalErrorException] [Cake\View\Exception\MissingTemplateException] Template file "Error/error500.ctp" is missing.
#0 /Applications/XAMPP/xamppfiles/htdocs/trial/vendor/cakephp/cakephp/src/View/View.php(591): Cake\View\View->_getViewFileName('error500')
#1 /Applications/XAMPP/xamppfiles/htdocs/trial/vendor/cakephp/cakephp/src/Error/ExceptionRenderer.php(359): Cake\View\View->render('error500', 'error')
#2 /Applications/XAMPP/xamppfiles/htdocs/trial/vendor/cakephp/cakephp/src/Error/ExceptionRenderer.php(338): Cake\Error\ExceptionRenderer->_outputMessageSafe('error500')
#3 /Applications/XAMPP/xamppfiles/htdocs/trial/vendor/cakephp/cakephp/src/Error/ExceptionRenderer.php(195): Cake\Error\ExceptionRenderer->_outputMessage('invalidArgument')
#4 /Applications/XAMPP/xamppfiles/htdocs/trial/vendor/cakephp/cakephp/src/Error/ErrorHandler.php(137): Cake\Error\ExceptionRenderer->render()
#5 /Applications/XAMPP/xamppfiles/htdocs/trial/vendor/cakephp/cakephp/src/Error/BaseErrorHandler.php(187): Cake\Error\ErrorHandler->_displayException(Object(InvalidArgumentException))
#6 /Applications/XAMPP/xamppfiles/htdocs/trial/vendor/cakephp/cakephp/src/Error/BaseErrorHandler.php(171): Cake\Error\BaseErrorHandler->handleException(Object(InvalidArgumentException))
#7 [internal function]: Cake\Error\BaseErrorHandler->wrapAndHandleException(Object(InvalidArgumentException))
#8 {main}
Request URL: /genres/8/books.json
2017-05-10 08:57:54 Error: [InvalidArgumentException] Books is not associated with Authors
Request URL: /genres/8/books.json
2017-05-10 09:03:05 Error: [InvalidArgumentException] Books is not associated with Authors
Request URL: /genres/8/books.json
Stack Trace:
#0 /Applications/XAMPP/xamppfiles/htdocs/trial/vendor/cakephp/cakephp/src/ORM/EagerLoader.php(321): Cake\ORM\EagerLoader->_normalizeContain(Object(Cake\ORM\Table), 'Authors', Array, Array)
#1 /Applications/XAMPP/xamppfiles/htdocs/trial/vendor/cakephp/cakephp/src/ORM/EagerLoader.php(450): Cake\ORM\EagerLoader->normalized(Object(Cake\ORM\Table))
#2 /Applications/XAMPP/xamppfiles/htdocs/trial/vendor/cakephp/cakephp/src/ORM/EagerLoader.php(421): Cake\ORM\EagerLoader->attachableAssociations(Object(Cake\ORM\Table))
#3 /Applications/XAMPP/xamppfiles/htdocs/trial/vendor/cakephp/cakephp/src/ORM/Query.php(1038): Cake\ORM\EagerLoader->attachAssociations(Object(Cake\ORM\Query), Object(Cake\ORM\Table), true)
#4 /Applications/XAMPP/xamppfiles/htdocs/trial/vendor/cakephp/cakephp/src/ORM/Query.php(989): Cake\ORM\Query->_transformQuery()
#5 /Applications/XAMPP/xamppfiles/htdocs/trial/vendor/cakephp/cakephp/src/Database/Driver/Mysql.php(136): Cake\ORM\Query->sql()
#6 /Applications/XAMPP/xamppfiles/htdocs/trial/vendor/cakephp/cakephp/src/Database/Connection.php(249): Cake\Database\Driver\Mysql->prepare(Object(Cake\ORM\Query))
#7 /Applications/XAMPP/xamppfiles/htdocs/trial/vendor/cakephp/cakephp/src/Database/Connection.php(302): Cake\Database\Connection->prepare(Object(Cake\ORM\Query))
#8 /Applications/XAMPP/xamppfiles/htdocs/trial/vendor/cakephp/cakephp/src/Database/Query.php(213): Cake\Database\Connection->run(Object(Cake\ORM\Query))
#9 /Applications/XAMPP/xamppfiles/htdocs/trial/vendor/cakephp/cakephp/src/ORM/Query.php(1011): Cake\Database\Query->execute()
#10 /Applications/XAMPP/xamppfiles/htdocs/trial/vendor/cakephp/cakephp/src/Datasource/QueryTrait.php(276): Cake\ORM\Query->_execute()
#11 /Applications/XAMPP/xamppfiles/htdocs/trial/vendor/cakephp/cakephp/src/ORM/Query.php(959): Cake\ORM\Query->_all()
#12 /Applications/XAMPP/xamppfiles/htdocs/trial/src/Controller/BooksController.php(17): Cake\ORM\Query->all()
#13 /Applications/XAMPP/xamppfiles/htdocs/trial/vendor/cakephp/cakephp/src/Controller/Controller.php(440): App\Controller\BooksController->index()
#14 /Applications/XAMPP/xamppfiles/htdocs/trial/vendor/cakephp/cakephp/src/Http/ActionDispatcher.php(119): Cake\Controller\Controller->invokeAction()
#15 /Applications/XAMPP/xamppfiles/htdocs/trial/vendor/cakephp/cakephp/src/Http/ActionDispatcher.php(93): Cake\Http\ActionDispatcher->_invoke(Object(App\Controller\BooksController))
#16 /Applications/XAMPP/xamppfiles/htdocs/trial/vendor/cakephp/cakephp/src/Routing/Dispatcher.php(60): Cake\Http\ActionDispatcher->dispatch(Object(Cake\Http\ServerRequest), Object(Cake\Http\Response))
#17 /Applications/XAMPP/xamppfiles/htdocs/trial/webroot/index.php(37): Cake\Routing\Dispatcher->dispatch(Object(Cake\Http\ServerRequest), Object(Cake\Http\Response))
#18 {main}


2017-05-10 09:03:58 Error: [InvalidArgumentException] Books is not associated with Authors
Request URL: /genres/8/books.json
Stack Trace:
#0 /Applications/XAMPP/xamppfiles/htdocs/trial/vendor/cakephp/cakephp/src/ORM/EagerLoader.php(321): Cake\ORM\EagerLoader->_normalizeContain(Object(Cake\ORM\Table), 'Authors', Array, Array)
#1 /Applications/XAMPP/xamppfiles/htdocs/trial/vendor/cakephp/cakephp/src/ORM/EagerLoader.php(450): Cake\ORM\EagerLoader->normalized(Object(Cake\ORM\Table))
#2 /Applications/XAMPP/xamppfiles/htdocs/trial/vendor/cakephp/cakephp/src/ORM/EagerLoader.php(421): Cake\ORM\EagerLoader->attachableAssociations(Object(Cake\ORM\Table))
#3 /Applications/XAMPP/xamppfiles/htdocs/trial/vendor/cakephp/cakephp/src/ORM/Query.php(1038): Cake\ORM\EagerLoader->attachAssociations(Object(Cake\ORM\Query), Object(Cake\ORM\Table), true)
#4 /Applications/XAMPP/xamppfiles/htdocs/trial/vendor/cakephp/cakephp/src/ORM/Query.php(989): Cake\ORM\Query->_transformQuery()
#5 /Applications/XAMPP/xamppfiles/htdocs/trial/vendor/cakephp/cakephp/src/Database/Driver/Mysql.php(136): Cake\ORM\Query->sql()
#6 /Applications/XAMPP/xamppfiles/htdocs/trial/vendor/cakephp/cakephp/src/Database/Connection.php(249): Cake\Database\Driver\Mysql->prepare(Object(Cake\ORM\Query))
#7 /Applications/XAMPP/xamppfiles/htdocs/trial/vendor/cakephp/cakephp/src/Database/Connection.php(302): Cake\Database\Connection->prepare(Object(Cake\ORM\Query))
#8 /Applications/XAMPP/xamppfiles/htdocs/trial/vendor/cakephp/cakephp/src/Database/Query.php(213): Cake\Database\Connection->run(Object(Cake\ORM\Query))
#9 /Applications/XAMPP/xamppfiles/htdocs/trial/vendor/cakephp/cakephp/src/ORM/Query.php(1011): Cake\Database\Query->execute()
#10 /Applications/XAMPP/xamppfiles/htdocs/trial/vendor/cakephp/cakephp/src/Datasource/QueryTrait.php(276): Cake\ORM\Query->_execute()
#11 /Applications/XAMPP/xamppfiles/htdocs/trial/vendor/cakephp/cakephp/src/ORM/Query.php(959): Cake\ORM\Query->_all()
#12 /Applications/XAMPP/xamppfiles/htdocs/trial/src/Controller/BooksController.php(17): Cake\ORM\Query->all()
#13 /Applications/XAMPP/xamppfiles/htdocs/trial/vendor/cakephp/cakephp/src/Controller/Controller.php(440): App\Controller\BooksController->index()
#14 /Applications/XAMPP/xamppfiles/htdocs/trial/vendor/cakephp/cakephp/src/Http/ActionDispatcher.php(119): Cake\Controller\Controller->invokeAction()
#15 /Applications/XAMPP/xamppfiles/htdocs/trial/vendor/cakephp/cakephp/src/Http/ActionDispatcher.php(93): Cake\Http\ActionDispatcher->_invoke(Object(App\Controller\BooksController))
#16 /Applications/XAMPP/xamppfiles/htdocs/trial/vendor/cakephp/cakephp/src/Routing/Dispatcher.php(60): Cake\Http\ActionDispatcher->dispatch(Object(Cake\Http\ServerRequest), Object(Cake\Http\Response))
#17 /Applications/XAMPP/xamppfiles/htdocs/trial/webroot/index.php(37): Cake\Routing\Dispatcher->dispatch(Object(Cake\Http\ServerRequest), Object(Cake\Http\Response))
#18 {main}


2017-05-10 09:04:34 Error: [InvalidArgumentException] Books is not associated with Author
Request URL: /genres/8/books.json
Stack Trace:
#0 /Applications/XAMPP/xamppfiles/htdocs/trial/vendor/cakephp/cakephp/src/ORM/EagerLoader.php(321): Cake\ORM\EagerLoader->_normalizeContain(Object(Cake\ORM\Table), 'Author', Array, Array)
#1 /Applications/XAMPP/xamppfiles/htdocs/trial/vendor/cakephp/cakephp/src/ORM/EagerLoader.php(450): Cake\ORM\EagerLoader->normalized(Object(Cake\ORM\Table))
#2 /Applications/XAMPP/xamppfiles/htdocs/trial/vendor/cakephp/cakephp/src/ORM/EagerLoader.php(421): Cake\ORM\EagerLoader->attachableAssociations(Object(Cake\ORM\Table))
#3 /Applications/XAMPP/xamppfiles/htdocs/trial/vendor/cakephp/cakephp/src/ORM/Query.php(1038): Cake\ORM\EagerLoader->attachAssociations(Object(Cake\ORM\Query), Object(Cake\ORM\Table), true)
#4 /Applications/XAMPP/xamppfiles/htdocs/trial/vendor/cakephp/cakephp/src/ORM/Query.php(989): Cake\ORM\Query->_transformQuery()
#5 /Applications/XAMPP/xamppfiles/htdocs/trial/vendor/cakephp/cakephp/src/Database/Driver/Mysql.php(136): Cake\ORM\Query->sql()
#6 /Applications/XAMPP/xamppfiles/htdocs/trial/vendor/cakephp/cakephp/src/Database/Connection.php(249): Cake\Database\Driver\Mysql->prepare(Object(Cake\ORM\Query))
#7 /Applications/XAMPP/xamppfiles/htdocs/trial/vendor/cakephp/cakephp/src/Database/Connection.php(302): Cake\Database\Connection->prepare(Object(Cake\ORM\Query))
#8 /Applications/XAMPP/xamppfiles/htdocs/trial/vendor/cakephp/cakephp/src/Database/Query.php(213): Cake\Database\Connection->run(Object(Cake\ORM\Query))
#9 /Applications/XAMPP/xamppfiles/htdocs/trial/vendor/cakephp/cakephp/src/ORM/Query.php(1011): Cake\Database\Query->execute()
#10 /Applications/XAMPP/xamppfiles/htdocs/trial/vendor/cakephp/cakephp/src/Datasource/QueryTrait.php(276): Cake\ORM\Query->_execute()
#11 /Applications/XAMPP/xamppfiles/htdocs/trial/vendor/cakephp/cakephp/src/ORM/Query.php(959): Cake\ORM\Query->_all()
#12 /Applications/XAMPP/xamppfiles/htdocs/trial/src/Controller/BooksController.php(17): Cake\ORM\Query->all()
#13 /Applications/XAMPP/xamppfiles/htdocs/trial/vendor/cakephp/cakephp/src/Controller/Controller.php(440): App\Controller\BooksController->index()
#14 /Applications/XAMPP/xamppfiles/htdocs/trial/vendor/cakephp/cakephp/src/Http/ActionDispatcher.php(119): Cake\Controller\Controller->invokeAction()
#15 /Applications/XAMPP/xamppfiles/htdocs/trial/vendor/cakephp/cakephp/src/Http/ActionDispatcher.php(93): Cake\Http\ActionDispatcher->_invoke(Object(App\Controller\BooksController))
#16 /Applications/XAMPP/xamppfiles/htdocs/trial/vendor/cakephp/cakephp/src/Routing/Dispatcher.php(60): Cake\Http\ActionDispatcher->dispatch(Object(Cake\Http\ServerRequest), Object(Cake\Http\Response))
#17 /Applications/XAMPP/xamppfiles/htdocs/trial/webroot/index.php(37): Cake\Routing\Dispatcher->dispatch(Object(Cake\Http\ServerRequest), Object(Cake\Http\Response))
#18 {main}


2017-05-10 09:12:15 Error: [Cake\Routing\Exception\MissingRouteException] A route matching "/authors.json" could not be found.
Exception Attributes: array (
  'url' => '/authors.json',
)
Request URL: /authors.json
Stack Trace:
#0 /Applications/XAMPP/xamppfiles/htdocs/trial/vendor/cakephp/cakephp/src/Routing/Router.php(368): Cake\Routing\RouteCollection->parseRequest(Object(Cake\Http\ServerRequest))
#1 /Applications/XAMPP/xamppfiles/htdocs/trial/vendor/cakephp/cakephp/src/Routing/Filter/RoutingFilter.php(58): Cake\Routing\Router::parseRequest(Object(Cake\Http\ServerRequest))
#2 /Applications/XAMPP/xamppfiles/htdocs/trial/vendor/cakephp/cakephp/src/Routing/DispatcherFilter.php(144): Cake\Routing\Filter\RoutingFilter->beforeDispatch(Object(Cake\Event\Event))
#3 /Applications/XAMPP/xamppfiles/htdocs/trial/vendor/cakephp/cakephp/src/Event/EventManager.php(414): Cake\Routing\DispatcherFilter->handle(Object(Cake\Event\Event), Object(Cake\Http\ServerRequest), Object(Cake\Http\Response))
#4 /Applications/XAMPP/xamppfiles/htdocs/trial/vendor/cakephp/cakephp/src/Event/EventManager.php(391): Cake\Event\EventManager->_callListener(Array, Object(Cake\Event\Event))
#5 /Applications/XAMPP/xamppfiles/htdocs/trial/vendor/cakephp/cakephp/src/Event/EventDispatcherTrait.php(78): Cake\Event\EventManager->dispatch(Object(Cake\Event\Event))
#6 /Applications/XAMPP/xamppfiles/htdocs/trial/vendor/cakephp/cakephp/src/Http/ActionDispatcher.php(78): Cake\Http\ActionDispatcher->dispatchEvent('Dispatcher.befo...', Array)
#7 /Applications/XAMPP/xamppfiles/htdocs/trial/vendor/cakephp/cakephp/src/Routing/Dispatcher.php(60): Cake\Http\ActionDispatcher->dispatch(Object(Cake\Http\ServerRequest), Object(Cake\Http\Response))
#8 /Applications/XAMPP/xamppfiles/htdocs/trial/webroot/index.php(37): Cake\Routing\Dispatcher->dispatch(Object(Cake\Http\ServerRequest), Object(Cake\Http\Response))
#9 {main}


2017-05-10 09:12:41 Error: [PDOException] SQLSTATE[42S22]: Column not found: 1054 Unknown column 'name' in 'where clause'
Request URL: /authors.json
Stack Trace:
#0 /Applications/XAMPP/xamppfiles/htdocs/trial/vendor/cakephp/cakephp/src/Database/Statement/MysqlStatement.php(39): PDOStatement->execute(NULL)
#1 /Applications/XAMPP/xamppfiles/htdocs/trial/vendor/cakephp/cakephp/src/Database/Statement/StatementDecorator.php(174): Cake\Database\Statement\MysqlStatement->execute(NULL)
#2 /Applications/XAMPP/xamppfiles/htdocs/trial/vendor/cakephp/cakephp/src/Database/Log/LoggingStatement.php(56): Cake\Database\Statement\StatementDecorator->execute(NULL)
#3 /Applications/XAMPP/xamppfiles/htdocs/trial/vendor/cakephp/cakephp/src/Database/Connection.php(304): Cake\Database\Log\LoggingStatement->execute()
#4 /Applications/XAMPP/xamppfiles/htdocs/trial/vendor/cakephp/cakephp/src/Database/Query.php(213): Cake\Database\Connection->run(Object(Cake\ORM\Query))
#5 /Applications/XAMPP/xamppfiles/htdocs/trial/vendor/cakephp/cakephp/src/ORM/Query.php(1011): Cake\Database\Query->execute()
#6 /Applications/XAMPP/xamppfiles/htdocs/trial/vendor/cakephp/cakephp/src/Datasource/QueryTrait.php(276): Cake\ORM\Query->_execute()
#7 /Applications/XAMPP/xamppfiles/htdocs/trial/vendor/cakephp/cakephp/src/ORM/Query.php(959): Cake\ORM\Query->_all()
#8 /Applications/XAMPP/xamppfiles/htdocs/trial/src/Controller/AuthorsController.php(18): Cake\ORM\Query->all()
#9 /Applications/XAMPP/xamppfiles/htdocs/trial/vendor/cakephp/cakephp/src/Controller/Controller.php(440): App\Controller\AuthorsController->index()
#10 /Applications/XAMPP/xamppfiles/htdocs/trial/vendor/cakephp/cakephp/src/Http/ActionDispatcher.php(119): Cake\Controller\Controller->invokeAction()
#11 /Applications/XAMPP/xamppfiles/htdocs/trial/vendor/cakephp/cakephp/src/Http/ActionDispatcher.php(93): Cake\Http\ActionDispatcher->_invoke(Object(App\Controller\AuthorsController))
#12 /Applications/XAMPP/xamppfiles/htdocs/trial/vendor/cakephp/cakephp/src/Routing/Dispatcher.php(60): Cake\Http\ActionDispatcher->dispatch(Object(Cake\Http\ServerRequest), Object(Cake\Http\Response))
#13 /Applications/XAMPP/xamppfiles/htdocs/trial/webroot/index.php(37): Cake\Routing\Dispatcher->dispatch(Object(Cake\Http\ServerRequest), Object(Cake\Http\Response))
#14 {main}


2017-05-10 09:19:31 Error: [Cake\Routing\Exception\MissingRouteException] A route matching "/authors/3/books.json" could not be found.
Exception Attributes: array (
  'url' => '/authors/3/books.json',
)
Request URL: /authors/3/books.json
Stack Trace:
#0 /Applications/XAMPP/xamppfiles/htdocs/trial/vendor/cakephp/cakephp/src/Routing/Router.php(368): Cake\Routing\RouteCollection->parseRequest(Object(Cake\Http\ServerRequest))
#1 /Applications/XAMPP/xamppfiles/htdocs/trial/vendor/cakephp/cakephp/src/Routing/Filter/RoutingFilter.php(58): Cake\Routing\Router::parseRequest(Object(Cake\Http\ServerRequest))
#2 /Applications/XAMPP/xamppfiles/htdocs/trial/vendor/cakephp/cakephp/src/Routing/DispatcherFilter.php(144): Cake\Routing\Filter\RoutingFilter->beforeDispatch(Object(Cake\Event\Event))
#3 /Applications/XAMPP/xamppfiles/htdocs/trial/vendor/cakephp/cakephp/src/Event/EventManager.php(414): Cake\Routing\DispatcherFilter->handle(Object(Cake\Event\Event), Object(Cake\Http\ServerRequest), Object(Cake\Http\Response))
#4 /Applications/XAMPP/xamppfiles/htdocs/trial/vendor/cakephp/cakephp/src/Event/EventManager.php(391): Cake\Event\EventManager->_callListener(Array, Object(Cake\Event\Event))
#5 /Applications/XAMPP/xamppfiles/htdocs/trial/vendor/cakephp/cakephp/src/Event/EventDispatcherTrait.php(78): Cake\Event\EventManager->dispatch(Object(Cake\Event\Event))
#6 /Applications/XAMPP/xamppfiles/htdocs/trial/vendor/cakephp/cakephp/src/Http/ActionDispatcher.php(78): Cake\Http\ActionDispatcher->dispatchEvent('Dispatcher.befo...', Array)
#7 /Applications/XAMPP/xamppfiles/htdocs/trial/vendor/cakephp/cakephp/src/Routing/Dispatcher.php(60): Cake\Http\ActionDispatcher->dispatch(Object(Cake\Http\ServerRequest), Object(Cake\Http\Response))
#8 /Applications/XAMPP/xamppfiles/htdocs/trial/webroot/index.php(37): Cake\Routing\Dispatcher->dispatch(Object(Cake\Http\ServerRequest), Object(Cake\Http\Response))
#9 {main}


2017-05-10 12:08:02 Error: [PDOException] SQLSTATE[23000]: Integrity constraint violation: 1052 Column 'id' in where clause is ambiguous
Request URL: /books.json
Stack Trace:
#0 /Applications/XAMPP/xamppfiles/htdocs/trial/vendor/cakephp/cakephp/src/Database/Statement/MysqlStatement.php(39): PDOStatement->execute(NULL)
#1 /Applications/XAMPP/xamppfiles/htdocs/trial/vendor/cakephp/cakephp/src/Database/Statement/StatementDecorator.php(174): Cake\Database\Statement\MysqlStatement->execute(NULL)
#2 /Applications/XAMPP/xamppfiles/htdocs/trial/vendor/cakephp/cakephp/src/Database/Log/LoggingStatement.php(56): Cake\Database\Statement\StatementDecorator->execute(NULL)
#3 /Applications/XAMPP/xamppfiles/htdocs/trial/vendor/cakephp/cakephp/src/Database/Connection.php(304): Cake\Database\Log\LoggingStatement->execute()
#4 /Applications/XAMPP/xamppfiles/htdocs/trial/vendor/cakephp/cakephp/src/Database/Query.php(213): Cake\Database\Connection->run(Object(Cake\ORM\Query))
#5 /Applications/XAMPP/xamppfiles/htdocs/trial/vendor/cakephp/cakephp/src/ORM/Query.php(1011): Cake\Database\Query->execute()
#6 /Applications/XAMPP/xamppfiles/htdocs/trial/vendor/cakephp/cakephp/src/Datasource/QueryTrait.php(276): Cake\ORM\Query->_execute()
#7 /Applications/XAMPP/xamppfiles/htdocs/trial/vendor/cakephp/cakephp/src/ORM/Query.php(959): Cake\ORM\Query->_all()
#8 /Applications/XAMPP/xamppfiles/htdocs/trial/src/Controller/BooksController.php(22): Cake\ORM\Query->all()
#9 /Applications/XAMPP/xamppfiles/htdocs/trial/vendor/cakephp/cakephp/src/Controller/Controller.php(440): App\Controller\BooksController->index()
#10 /Applications/XAMPP/xamppfiles/htdocs/trial/vendor/cakephp/cakephp/src/Http/ActionDispatcher.php(119): Cake\Controller\Controller->invokeAction()
#11 /Applications/XAMPP/xamppfiles/htdocs/trial/vendor/cakephp/cakephp/src/Http/ActionDispatcher.php(93): Cake\Http\ActionDispatcher->_invoke(Object(App\Controller\BooksController))
#12 /Applications/XAMPP/xamppfiles/htdocs/trial/vendor/cakephp/cakephp/src/Routing/Dispatcher.php(60): Cake\Http\ActionDispatcher->dispatch(Object(Cake\Http\ServerRequest), Object(Cake\Http\Response))
#13 /Applications/XAMPP/xamppfiles/htdocs/trial/webroot/index.php(37): Cake\Routing\Dispatcher->dispatch(Object(Cake\Http\ServerRequest), Object(Cake\Http\Response))
#14 {main}


2017-05-10 12:09:08 Warning: Headers already sent in /Applications/XAMPP/xamppfiles/htdocs/trial/src/Controller/BooksController.php:24
2017-05-10 12:25:06 Error: Fatal Error (1): Call to a member function find() on boolean in [/Applications/XAMPP/xamppfiles/htdocs/trial/src/Controller/BooksController.php, line 17]
Request URL: /books.json
Trace:
Cake\Error\BaseErrorHandler::handleFatalError() - CORE/src/Error/BaseErrorHandler.php, line 223
Cake\Error\BaseErrorHandler::Cake\Error\{closure}() - CORE/src/Error/BaseErrorHandler.php, line 105
[main] - [internal], line ??



2017-05-10 12:25:06 Error: [Cake\Error\FatalErrorException] Call to a member function find() on boolean
Request URL: /books.json
Stack Trace:
#0 /Applications/XAMPP/xamppfiles/htdocs/trial/vendor/cakephp/cakephp/src/Error/BaseErrorHandler.php(105): Cake\Error\BaseErrorHandler->handleFatalError(1, 'Call to a membe...', '/Applications/X...', 17)
#1 [internal function]: Cake\Error\BaseErrorHandler->Cake\Error\{closure}()
#2 {main}


2017-05-10 12:25:19 Error: Fatal Error (1): Call to a member function find() on boolean in [/Applications/XAMPP/xamppfiles/htdocs/trial/src/Controller/BooksController.php, line 18]
Request URL: /books.json
Trace:
Cake\Error\BaseErrorHandler::handleFatalError() - CORE/src/Error/BaseErrorHandler.php, line 223
Cake\Error\BaseErrorHandler::Cake\Error\{closure}() - CORE/src/Error/BaseErrorHandler.php, line 105
[main] - [internal], line ??



2017-05-10 12:25:19 Error: [Cake\Error\FatalErrorException] Call to a member function find() on boolean
Request URL: /books.json
Stack Trace:
#0 /Applications/XAMPP/xamppfiles/htdocs/trial/vendor/cakephp/cakephp/src/Error/BaseErrorHandler.php(105): Cake\Error\BaseErrorHandler->handleFatalError(1, 'Call to a membe...', '/Applications/X...', 18)
#1 [internal function]: Cake\Error\BaseErrorHandler->Cake\Error\{closure}()
#2 {main}


